TN:
SF:src/index.ts
FN:38,(anonymous_0)
FN:40,(anonymous_1)
FN:45,(anonymous_2)
FN:66,(anonymous_3)
FN:77,(anonymous_4)
FN:86,(anonymous_5)
FN:105,(anonymous_6)
FN:119,(anonymous_7)
FN:126,(anonymous_8)
FN:139,(anonymous_9)
FN:147,(anonymous_10)
FN:157,(anonymous_11)
FN:160,(anonymous_12)
FN:166,(anonymous_13)
FN:172,(anonymous_14)
FN:189,(anonymous_15)
FN:198,(anonymous_16)
FN:207,(anonymous_17)
FN:211,(anonymous_18)
FN:220,(anonymous_19)
FN:246,(anonymous_20)
FN:247,(anonymous_21)
FN:258,(anonymous_22)
FN:265,(anonymous_23)
FN:267,(anonymous_24)
FN:277,(anonymous_25)
FN:291,(anonymous_26)
FN:311,(anonymous_27)
FN:329,(anonymous_28)
FN:334,(anonymous_29)
FN:344,(anonymous_30)
FN:387,(anonymous_31)
FN:416,(anonymous_32)
FN:420,(anonymous_33)
FNF:34
FNH:34
FNDA:47,(anonymous_0)
FNDA:29,(anonymous_1)
FNDA:28,(anonymous_2)
FNDA:11,(anonymous_3)
FNDA:10,(anonymous_4)
FNDA:19,(anonymous_5)
FNDA:8,(anonymous_6)
FNDA:9,(anonymous_7)
FNDA:8,(anonymous_8)
FNDA:8,(anonymous_9)
FNDA:16,(anonymous_10)
FNDA:19,(anonymous_11)
FNDA:8,(anonymous_12)
FNDA:8,(anonymous_13)
FNDA:4,(anonymous_14)
FNDA:7,(anonymous_15)
FNDA:4,(anonymous_16)
FNDA:1,(anonymous_17)
FNDA:2,(anonymous_18)
FNDA:9,(anonymous_19)
FNDA:5,(anonymous_20)
FNDA:2,(anonymous_21)
FNDA:2,(anonymous_22)
FNDA:10,(anonymous_23)
FNDA:3,(anonymous_24)
FNDA:37,(anonymous_25)
FNDA:29,(anonymous_26)
FNDA:8,(anonymous_27)
FNDA:8,(anonymous_28)
FNDA:9,(anonymous_29)
FNDA:29,(anonymous_30)
FNDA:1,(anonymous_31)
FNDA:1,(anonymous_32)
FNDA:1,(anonymous_33)
DA:16,29
DA:22,29
DA:28,29
DA:38,47
DA:40,29
DA:41,29
DA:42,29
DA:45,29
DA:46,28
DA:63,28
DA:66,29
DA:67,11
DA:68,11
DA:69,1
DA:74,10
DA:77,10
DA:83,10
DA:86,29
DA:87,19
DA:102,19
DA:105,29
DA:106,8
DA:108,8
DA:109,1
DA:112,8
DA:113,2
DA:116,8
DA:119,29
DA:120,9
DA:121,1
DA:124,8
DA:126,9
DA:127,8
DA:128,8
DA:134,9
DA:139,8
DA:144,8
DA:147,29
DA:148,16
DA:154,16
DA:157,29
DA:158,19
DA:160,8
DA:162,19
DA:163,13
DA:166,8
DA:167,6
DA:168,2
DA:169,2
DA:172,4
DA:173,4
DA:174,2
DA:175,2
DA:176,1
DA:178,1
DA:181,2
DA:182,2
DA:183,1
DA:186,1
DA:189,29
DA:190,7
DA:195,7
DA:198,29
DA:199,4
DA:204,4
DA:207,29
DA:208,1
DA:211,2
DA:217,1
DA:220,29
DA:221,9
DA:222,9
DA:224,9
DA:225,9
DA:227,6
DA:228,1
DA:232,8
DA:233,8
DA:235,8
DA:236,8
DA:237,1
DA:239,7
DA:243,8
DA:246,29
DA:247,5
DA:248,5
DA:250,3
DA:251,3
DA:252,3
DA:254,2
DA:258,29
DA:259,2
DA:260,2
DA:261,2
DA:262,2
DA:265,10
DA:267,29
DA:268,3
DA:269,2
DA:271,1
DA:274,3
DA:277,29
DA:278,37
DA:279,37
DA:281,7
DA:283,3
DA:284,3
DA:285,37
DA:286,1
DA:288,3
DA:291,29
DA:292,29
DA:294,29
DA:295,29
DA:296,27
DA:297,27
DA:300,2
DA:301,2
DA:302,2
DA:303,1
DA:304,1
DA:306,1
DA:307,1
DA:311,29
DA:312,8
DA:313,8
DA:314,4
DA:317,4
DA:318,4
DA:320,4
DA:321,4
DA:322,1
DA:325,3
DA:326,3
DA:329,29
DA:330,8
DA:331,7
DA:334,29
DA:335,9
DA:336,9
DA:337,9
DA:338,9
DA:339,9
DA:340,8
DA:341,7
DA:344,29
DA:347,29
DA:348,29
DA:349,29
DA:350,29
DA:352,28
DA:353,28
DA:354,9
DA:355,7
DA:358,19
DA:359,19
DA:360,19
DA:361,16
DA:362,3
DA:364,19
DA:365,19
DA:367,19
DA:368,19
DA:369,29
DA:372,29
DA:373,11
DA:374,11
DA:376,10
DA:377,1
DA:380,8
DA:381,7
DA:382,7
DA:384,7
DA:388,1
DA:389,1
DA:390,1
DA:394,7
DA:396,8
DA:397,1
DA:400,6
DA:401,5
DA:403,1
DA:407,15
DA:409,15
DA:417,1
DA:418,1
DA:421,1
DA:422,1
DA:423,1
DA:428,14
DA:429,29
DA:430,29
DA:431,14
DA:433,8
DA:434,8
DA:435,8
DA:436,8
DA:440,29
LF:198
LH:198
BRDA:23,0,0,29
BRDA:23,0,1,1
BRDA:38,1,0,47
BRDA:38,1,1,39
BRDA:68,2,0,1
BRDA:68,2,1,10
BRDA:108,3,0,1
BRDA:108,3,1,7
BRDA:112,4,0,2
BRDA:112,4,1,6
BRDA:116,5,0,3
BRDA:116,5,1,5
BRDA:120,6,0,1
BRDA:120,6,1,8
BRDA:124,7,0,8
BRDA:124,7,1,8
BRDA:124,7,2,1
BRDA:127,8,0,7
BRDA:127,8,1,1
BRDA:154,9,0,16
BRDA:154,9,1,1
BRDA:162,10,0,13
BRDA:162,10,1,6
BRDA:167,11,0,2
BRDA:167,11,1,4
BRDA:169,12,0,1
BRDA:169,12,1,1
BRDA:172,13,0,4
BRDA:172,13,1,2
BRDA:173,14,0,2
BRDA:173,14,1,2
BRDA:175,15,0,1
BRDA:175,15,1,1
BRDA:175,16,0,2
BRDA:175,16,1,2
BRDA:182,17,0,1
BRDA:182,17,1,1
BRDA:227,18,0,1
BRDA:227,18,1,5
BRDA:227,19,0,6
BRDA:227,19,1,6
BRDA:227,19,2,6
BRDA:227,19,3,6
BRDA:236,20,0,1
BRDA:236,20,1,7
BRDA:240,21,0,5
BRDA:240,21,1,2
BRDA:240,22,0,1
BRDA:240,22,1,1
BRDA:243,23,0,1
BRDA:243,23,1,7
BRDA:248,24,0,2
BRDA:248,24,1,3
BRDA:268,25,0,2
BRDA:268,25,1,1
BRDA:279,26,0,30
BRDA:279,26,1,7
BRDA:281,27,0,4
BRDA:281,27,1,3
BRDA:285,28,0,1
BRDA:285,28,1,36
BRDA:295,29,0,27
BRDA:295,29,1,2
BRDA:313,30,0,4
BRDA:313,30,1,4
BRDA:321,31,0,1
BRDA:321,31,1,3
BRDA:353,32,0,9
BRDA:353,32,1,19
BRDA:360,33,0,19
BRDA:360,33,1,16
BRDA:361,34,0,3
BRDA:361,34,1,13
BRDA:368,35,0,11
BRDA:368,35,1,8
BRDA:372,36,0,11
BRDA:372,36,1,8
BRDA:376,37,0,1
BRDA:376,37,1,9
BRDA:396,38,0,1
BRDA:396,38,1,7
BRDA:400,39,0,5
BRDA:400,39,1,1
BRDA:434,40,0,7
BRDA:434,40,1,1
BRF:85
BRH:85
end_of_record
TN:
SF:src/animations/index.ts
FN:11,(anonymous_0)
FN:23,(anonymous_1)
FN:26,(anonymous_2)
FN:32,(anonymous_3)
FN:36,(anonymous_4)
FN:40,(anonymous_5)
FNF:6
FNH:6
FNDA:2,(anonymous_0)
FNDA:2,(anonymous_1)
FNDA:1,(anonymous_2)
FNDA:1,(anonymous_3)
FNDA:1,(anonymous_4)
FNDA:1,(anonymous_5)
DA:9,1
DA:11,1
DA:12,2
DA:13,1
DA:14,1
DA:17,1
DA:18,1
DA:19,1
DA:20,1
DA:23,1
DA:24,2
DA:25,2
DA:27,1
DA:32,1
DA:33,1
DA:36,1
DA:37,1
DA:40,1
DA:41,1
LF:19
LH:19
BRDA:12,0,0,1
BRDA:12,0,1,1
BRF:2
BRH:2
end_of_record
TN:
SF:src/copilot/auth.ts
FN:16,(anonymous_0)
FN:20,(anonymous_1)
FN:25,(anonymous_2)
FN:35,(anonymous_3)
FN:39,(anonymous_4)
FN:44,(anonymous_5)
FN:60,(anonymous_6)
FN:67,(anonymous_7)
FN:70,(anonymous_8)
FN:88,(anonymous_9)
FN:95,(anonymous_10)
FN:112,(anonymous_11)
FN:133,(anonymous_12)
FN:154,(anonymous_13)
FN:166,(anonymous_14)
FN:197,(anonymous_15)
FN:242,(anonymous_16)
FN:262,(anonymous_17)
FN:267,(anonymous_18)
FNF:19
FNH:19
FNDA:3,(anonymous_0)
FNDA:21,(anonymous_1)
FNDA:21,(anonymous_2)
FNDA:6,(anonymous_3)
FNDA:16,(anonymous_4)
FNDA:21,(anonymous_5)
FNDA:25,(anonymous_6)
FNDA:20,(anonymous_7)
FNDA:4,(anonymous_8)
FNDA:7,(anonymous_9)
FNDA:8,(anonymous_10)
FNDA:9,(anonymous_11)
FNDA:4,(anonymous_12)
FNDA:8,(anonymous_13)
FNDA:9,(anonymous_14)
FNDA:7,(anonymous_15)
FNDA:9,(anonymous_16)
FNDA:6,(anonymous_17)
FNDA:1,(anonymous_18)
DA:11,1
DA:12,1
DA:13,1
DA:14,1
DA:16,1
DA:17,3
DA:20,1
DA:21,21
DA:22,1
DA:25,1
DA:28,21
DA:29,21
DA:35,1
DA:36,6
DA:39,1
DA:40,16
DA:41,16
DA:44,1
DA:45,21
DA:46,1
DA:47,1
DA:50,20
DA:61,25
DA:62,25
DA:63,25
DA:64,25
DA:68,20
DA:70,14
DA:71,14
DA:73,10
DA:74,10
DA:76,8
DA:84,8
DA:85,8
DA:89,7
DA:90,7
DA:91,7
DA:92,7
DA:96,8
DA:97,8
DA:109,8
DA:116,9
DA:117,9
DA:130,9
DA:137,4
DA:138,4
DA:151,4
DA:155,8
DA:156,8
DA:158,7
DA:162,7
DA:163,7
DA:165,7
DA:166,9
DA:167,9
DA:169,9
DA:170,4
DA:177,4
DA:178,4
DA:179,4
DA:182,5
DA:183,2
DA:186,3
DA:187,1
DA:188,1
DA:191,2
DA:194,1
DA:198,7
DA:199,7
DA:200,1
DA:203,6
DA:204,6
DA:205,1
DA:206,1
DA:209,5
DA:210,1
DA:211,1
DA:214,1
DA:217,4
DA:221,4
DA:222,1
DA:223,1
DA:226,1
DA:229,3
DA:237,7
DA:238,3
DA:239,3
DA:243,9
DA:244,9
DA:245,1
DA:248,8
DA:249,8
DA:250,2
DA:251,2
DA:254,6
DA:255,1
DA:258,5
DA:259,5
DA:263,6
DA:267,1
DA:268,1
LF:101
LH:101
BRDA:11,0,0,1
BRDA:11,0,1,1
BRDA:21,1,0,20
BRDA:21,1,1,1
BRDA:41,2,0,16
BRDA:41,2,1,14
BRDA:45,3,0,1
BRDA:45,3,1,20
BRDA:60,4,0,25
BRDA:61,5,0,25
BRDA:61,5,1,1
BRDA:63,6,0,25
BRDA:63,6,1,25
BRDA:64,7,0,25
BRDA:64,7,1,17
BRDA:68,8,0,6
BRDA:68,8,1,14
BRDA:71,9,0,4
BRDA:71,9,1,10
BRDA:74,10,0,2
BRDA:74,10,1,8
BRDA:74,11,0,10
BRDA:74,11,1,9
BRDA:96,12,0,8
BRDA:96,12,1,8
BRDA:116,13,0,9
BRDA:116,13,1,9
BRDA:137,14,0,4
BRDA:137,14,1,3
BRDA:155,15,0,8
BRDA:155,15,1,8
BRDA:169,16,0,4
BRDA:169,16,1,5
BRDA:173,17,0,4
BRDA:173,17,1,1
BRDA:182,18,0,2
BRDA:182,18,1,3
BRDA:186,19,0,1
BRDA:186,19,1,2
BRDA:191,20,0,2
BRDA:191,20,1,1
BRDA:199,21,0,1
BRDA:199,21,1,6
BRDA:204,22,0,1
BRDA:204,22,1,5
BRDA:209,23,0,1
BRDA:209,23,1,4
BRDA:212,24,0,1
BRDA:212,24,1,1
BRDA:219,25,0,4
BRDA:219,25,1,3
BRDA:221,26,0,1
BRDA:221,26,1,3
BRDA:224,27,0,1
BRDA:224,27,1,1
BRDA:231,28,0,3
BRDA:231,28,1,1
BRDA:232,29,0,7
BRDA:232,29,1,2
BRDA:244,30,0,1
BRDA:244,30,1,8
BRDA:249,31,0,2
BRDA:249,31,1,6
BRDA:254,32,0,1
BRDA:254,32,1,5
BRDA:267,33,0,1
BRF:66
BRH:66
end_of_record
TN:
SF:src/copilot/copilot-provider.ts
FN:12,(anonymous_0)
FN:20,(anonymous_1)
FN:26,(anonymous_2)
FN:27,(anonymous_3)
FN:28,(anonymous_4)
FN:44,(anonymous_5)
FN:50,(anonymous_6)
FN:76,(anonymous_7)
FN:102,(anonymous_8)
FNF:9
FNH:9
FNDA:9,(anonymous_0)
FNDA:5,(anonymous_1)
FNDA:3,(anonymous_2)
FNDA:3,(anonymous_3)
FNDA:3,(anonymous_4)
FNDA:10,(anonymous_5)
FNDA:3,(anonymous_6)
FNDA:6,(anonymous_7)
FNDA:1,(anonymous_8)
DA:12,1
DA:13,9
DA:14,1
DA:15,1
DA:20,1
DA:21,5
DA:22,1
DA:25,4
DA:26,3
DA:27,3
DA:28,3
DA:32,5
DA:33,1
DA:36,3
DA:45,10
DA:46,10
DA:47,10
DA:51,3
DA:52,3
DA:66,3
DA:67,3
DA:68,3
DA:69,3
DA:70,1
DA:73,2
DA:77,6
DA:78,6
DA:92,6
DA:93,5
DA:94,5
DA:95,5
DA:96,3
DA:99,2
DA:103,1
LF:34
LH:34
BRDA:13,0,0,8
BRDA:13,0,1,1
BRDA:21,1,0,1
BRDA:21,1,1,4
BRDA:21,2,0,5
BRDA:21,2,1,1
BRDA:26,3,0,3
BRDA:26,3,1,1
BRDA:27,4,0,3
BRDA:27,4,1,1
BRDA:28,5,0,3
BRDA:28,5,1,1
BRDA:32,6,0,1
BRDA:32,6,1,4
BRDA:32,7,0,5
BRDA:32,7,1,1
BRDA:47,8,0,10
BRDA:47,8,1,1
BRDA:61,9,0,3
BRDA:61,9,1,3
BRDA:69,10,0,1
BRDA:69,10,1,2
BRDA:87,11,0,6
BRDA:87,11,1,6
BRDA:95,12,0,3
BRDA:95,12,1,2
BRF:26
BRH:26
end_of_record
TN:
SF:src/copilot/fetch.ts
FN:3,(anonymous_0)
FN:7,(anonymous_1)
FN:7,(anonymous_2)
FN:9,(anonymous_3)
FN:13,(anonymous_4)
FN:17,(anonymous_5)
FN:21,(anonymous_6)
FN:28,(anonymous_7)
FNF:8
FNH:8
FNDA:1,(anonymous_0)
FNDA:4,(anonymous_1)
FNDA:4,(anonymous_2)
FNDA:5,(anonymous_3)
FNDA:7,(anonymous_4)
FNDA:13,(anonymous_5)
FNDA:7,(anonymous_6)
FNDA:7,(anonymous_7)
DA:3,1
DA:4,1
DA:7,4
DA:9,1
DA:10,5
DA:13,1
DA:14,7
DA:17,1
DA:18,13
DA:21,1
DA:22,7
DA:23,7
DA:24,7
DA:25,7
DA:26,7
DA:28,7
DA:29,7
DA:30,7
DA:32,7
DA:33,11
DA:34,11
DA:35,11
DA:36,11
DA:37,11
DA:39,11
DA:40,11
DA:45,9
DA:46,2
DA:47,2
DA:48,2
DA:49,2
DA:50,2
DA:51,2
DA:53,2
DA:58,2
DA:59,1
DA:62,1
DA:63,1
DA:66,7
DA:71,3
DA:72,3
DA:75,3
DA:76,3
DA:77,3
DA:80,4
DA:82,3
DA:83,1
DA:84,1
DA:85,1
DA:86,1
DA:87,1
DA:90,2
LF:52
LH:52
BRDA:14,0,0,7
BRDA:14,0,1,7
BRDA:18,1,0,13
BRDA:18,1,1,13
BRDA:22,2,0,7
BRDA:22,2,1,7
BRDA:23,3,0,7
BRDA:23,3,1,1
BRDA:24,4,0,7
BRDA:24,4,1,5
BRDA:25,5,0,7
BRDA:25,5,1,7
BRDA:26,6,0,7
BRDA:26,6,1,7
BRDA:28,7,0,7
BRDA:45,8,0,2
BRDA:45,8,1,7
BRDA:58,9,0,1
BRDA:58,9,1,1
BRDA:66,10,0,3
BRDA:66,10,1,4
BRDA:67,11,0,7
BRDA:67,11,1,5
BRDA:67,11,2,5
BRDA:82,12,0,1
BRDA:82,12,1,2
BRDA:82,13,0,3
BRDA:82,13,1,1
BRDA:82,13,2,1
BRF:29
BRH:29
end_of_record
TN:
SF:src/copilot/models.ts
FN:13,(anonymous_0)
FN:42,(anonymous_1)
FN:56,(anonymous_2)
FN:77,(anonymous_3)
FN:87,(anonymous_4)
FNF:5
FNH:5
FNDA:6,(anonymous_0)
FNDA:8,(anonymous_1)
FNDA:10,(anonymous_2)
FNDA:8,(anonymous_3)
FNDA:7,(anonymous_4)
DA:9,2
DA:10,2
DA:11,2
DA:13,2
DA:14,6
DA:16,6
DA:21,6
DA:42,2
DA:43,8
DA:44,1
DA:45,1
DA:48,7
DA:49,7
DA:50,1
DA:53,6
DA:56,2
DA:64,10
DA:65,10
DA:66,10
DA:68,10
DA:69,1
DA:72,9
DA:73,9
DA:74,1
DA:77,8
DA:78,8
DA:79,8
DA:86,8
DA:87,6
DA:88,7
DA:90,6
DA:92,6
DA:97,6
DA:100,8
DA:102,8
DA:103,8
DA:105,8
LF:37
LH:37
BRDA:16,0,0,6
BRDA:16,0,1,5
BRDA:16,0,2,5
BRDA:16,0,3,5
BRDA:25,1,0,6
BRDA:25,1,1,1
BRDA:43,2,0,1
BRDA:43,2,1,7
BRDA:49,3,0,1
BRDA:49,3,1,6
BRDA:58,4,0,10
BRDA:64,5,0,10
BRDA:64,5,1,9
BRDA:68,6,0,1
BRDA:68,6,1,9
BRDA:68,7,0,10
BRDA:68,7,1,3
BRDA:68,7,2,1
BRDA:73,8,0,1
BRDA:73,8,1,8
BRDA:79,9,0,8
BRDA:79,9,1,1
BRDA:88,10,0,7
BRDA:88,10,1,6
BRF:24
BRH:24
end_of_record
TN:
SF:src/copilot/provider.ts
FN:16,(anonymous_0)
FN:24,resolveMode
FN:31,(anonymous_2)
FN:55,(anonymous_3)
FN:56,(anonymous_4)
FN:58,(anonymous_5)
FN:64,(anonymous_6)
FNF:7
FNH:7
FNDA:8,(anonymous_0)
FNDA:6,resolveMode
FNDA:6,(anonymous_2)
FNDA:1,(anonymous_3)
FNDA:1,(anonymous_4)
FNDA:1,(anonymous_5)
FNDA:2,(anonymous_6)
DA:16,1
DA:17,8
DA:18,1
DA:21,7
DA:25,6
DA:26,3
DA:28,3
DA:31,1
DA:32,6
DA:33,6
DA:34,6
DA:36,6
DA:41,6
DA:46,6
DA:52,6
DA:55,1
DA:57,1
DA:58,1
DA:65,2
DA:66,2
DA:68,2
DA:69,1
DA:72,1
DA:77,1
LF:24
LH:24
BRDA:17,0,0,1
BRDA:17,0,1,7
BRDA:25,1,0,3
BRDA:25,1,1,3
BRDA:25,2,0,6
BRDA:25,2,1,5
BRDA:31,3,0,6
BRDA:32,4,0,6
BRDA:32,4,1,6
BRDA:33,5,0,6
BRDA:33,5,1,6
BRDA:68,6,0,1
BRDA:68,6,1,1
BRF:13
BRH:13
end_of_record
TN:
SF:src/ds/index.ts
FN:4,(anonymous_0)
FNF:1
FNH:1
FNDA:5,(anonymous_0)
DA:1,5
DA:4,5
DA:5,5
DA:6,5
DA:7,4
DA:8,1
DA:10,3
DA:11,2
DA:13,3
DA:14,3
LF:10
LH:10
BRDA:1,0,0,5
BRDA:1,0,1,1
BRDA:7,1,0,1
BRDA:7,1,1,3
BRF:4
BRH:4
end_of_record
TN:
SF:src/integrations/figma.ts
FN:35,(anonymous_0)
FN:39,(anonymous_1)
FN:67,(anonymous_2)
FN:79,(anonymous_3)
FN:80,(anonymous_4)
FN:88,(anonymous_5)
FN:94,(anonymous_6)
FN:164,(anonymous_7)
FN:168,(anonymous_8)
FN:172,(anonymous_9)
FN:189,(anonymous_10)
FN:194,(anonymous_11)
FN:237,(anonymous_12)
FN:276,(anonymous_13)
FN:284,(anonymous_14)
FN:299,(anonymous_15)
FN:307,(anonymous_16)
FN:372,(anonymous_17)
FN:400,(anonymous_18)
FN:427,(anonymous_19)
FN:429,(anonymous_20)
FN:430,(anonymous_21)
FN:440,(anonymous_22)
FN:447,(anonymous_23)
FN:462,(anonymous_24)
FN:484,(anonymous_25)
FN:594,(anonymous_26)
FN:595,(anonymous_27)
FN:601,(anonymous_28)
FNF:29
FNH:29
FNDA:16,(anonymous_0)
FNDA:55,(anonymous_1)
FNDA:79,(anonymous_2)
FNDA:3,(anonymous_3)
FNDA:10,(anonymous_4)
FNDA:7,(anonymous_5)
FNDA:9,(anonymous_6)
FNDA:79,(anonymous_7)
FNDA:94,(anonymous_8)
FNDA:153,(anonymous_9)
FNDA:1,(anonymous_10)
FNDA:157,(anonymous_11)
FNDA:35,(anonymous_12)
FNDA:34,(anonymous_13)
FNDA:167,(anonymous_14)
FNDA:81,(anonymous_15)
FNDA:53,(anonymous_16)
FNDA:79,(anonymous_17)
FNDA:7,(anonymous_18)
FNDA:24,(anonymous_19)
FNDA:7,(anonymous_20)
FNDA:4,(anonymous_21)
FNDA:3,(anonymous_22)
FNDA:57,(anonymous_23)
FNDA:11,(anonymous_24)
FNDA:57,(anonymous_25)
FNDA:78,(anonymous_26)
FNDA:78,(anonymous_27)
FNDA:78,(anonymous_28)
DA:16,1
DA:17,1
DA:18,1
DA:24,1
DA:35,1
DA:36,16
DA:39,1
DA:40,55
DA:42,55
DA:43,55
DA:44,55
DA:45,55
DA:47,55
DA:48,1
DA:51,53
DA:52,55
DA:54,55
DA:56,2
DA:57,2
DA:58,1
DA:63,1
DA:67,1
DA:68,79
DA:76,79
DA:79,1
DA:80,3
DA:81,10
DA:84,3
DA:85,3
DA:88,1
DA:89,7
DA:90,7
DA:91,7
DA:92,7
DA:94,7
DA:95,9
DA:96,2
DA:97,2
DA:98,2
DA:99,2
DA:100,2
DA:110,9
DA:111,3
DA:112,3
DA:116,9
DA:117,1
DA:118,2
DA:119,2
DA:121,2
DA:125,9
DA:126,2
DA:130,7
DA:132,7
DA:133,7
DA:134,7
DA:135,2
DA:138,7
DA:164,1
DA:165,79
DA:168,94
DA:172,1
DA:173,153
DA:185,153
DA:186,55
DA:189,98
DA:190,153
DA:194,1
DA:202,157
DA:203,3
DA:205,154
DA:207,154
DA:208,1
DA:212,153
DA:213,56
DA:216,153
DA:217,1
DA:221,152
DA:222,151
DA:223,122
DA:224,1
DA:226,121
DA:227,121
DA:228,121
DA:233,152
DA:237,1
DA:243,35
DA:244,1
DA:246,34
DA:248,34
DA:249,1
DA:253,33
DA:254,23
DA:257,33
DA:258,1
DA:261,32
DA:262,32
DA:263,31
DA:264,1
DA:266,30
DA:267,30
DA:268,29
DA:273,32
DA:276,1
DA:277,34
DA:278,34
DA:279,34
DA:281,34
DA:284,1
DA:285,167
DA:291,167
DA:292,2
DA:293,1
DA:296,165
DA:299,1
DA:300,81
DA:301,80
DA:302,1
DA:304,79
DA:307,1
DA:311,53
DA:313,53
DA:314,53
DA:318,52
DA:319,52
DA:320,51
DA:321,44
DA:325,45
DA:327,45
DA:328,11
DA:329,11
DA:333,11
DA:334,2
DA:337,9
DA:338,9
DA:339,9
DA:341,11
DA:342,2
DA:346,7
DA:347,1
DA:348,6
DA:349,2
DA:350,4
DA:351,1
DA:352,3
DA:353,1
DA:357,45
DA:364,8
DA:372,1
DA:377,79
DA:378,79
DA:380,79
DA:381,79
DA:383,79
DA:384,79
DA:385,79
DA:386,2
DA:387,1
DA:393,79
DA:394,78
DA:397,79
DA:400,1
DA:401,7
DA:402,7
DA:404,7
DA:405,7
DA:407,3
DA:408,1
DA:412,6
DA:413,6
DA:415,6
DA:416,1
DA:418,5
DA:424,6
DA:427,24
DA:429,1
DA:430,7
DA:431,7
DA:433,3
DA:434,3
DA:436,2
DA:440,1
DA:441,3
DA:442,3
DA:443,3
DA:444,3
DA:447,1
DA:448,57
DA:449,57
DA:451,12
DA:453,4
DA:454,4
DA:455,57
DA:456,1
DA:459,4
DA:462,1
DA:463,11
DA:465,11
DA:466,11
DA:467,11
DA:468,1
DA:471,10
DA:472,3
DA:474,7
DA:476,9
DA:478,9
DA:480,11
DA:484,1
DA:485,57
DA:486,57
DA:487,11
DA:488,11
DA:489,9
DA:496,55
DA:500,55
DA:501,55
DA:502,57
DA:503,53
DA:504,2
DA:509,1
DA:512,54
DA:513,16
DA:515,16
DA:520,16
DA:521,16
DA:522,9
DA:525,7
DA:528,7
DA:529,7
DA:533,6
DA:534,16
DA:535,5
DA:536,4
DA:538,5
DA:544,7
DA:545,16
DA:546,7
DA:547,16
DA:548,7
DA:550,7
DA:561,38
DA:563,57
DA:565,57
DA:570,37
DA:571,2
DA:574,35
DA:577,35
DA:578,4
DA:579,4
DA:582,35
DA:583,1
DA:586,34
DA:587,2
DA:589,32
DA:594,78
DA:595,78
DA:596,34
DA:598,34
DA:600,34
DA:601,78
DA:602,34
DA:607,34
DA:608,2
DA:611,32
DA:614,32
DA:616,57
DA:617,57
DA:619,57
DA:620,76
DA:621,76
DA:623,76
DA:624,1
DA:627,75
DA:628,1
DA:629,1
DA:632,74
DA:633,74
DA:634,72
DA:635,72
DA:639,72
DA:640,72
DA:644,71
DA:645,76
DA:646,2
DA:652,72
DA:653,72
DA:661,72
DA:663,2
DA:664,2
DA:668,32
DA:670,6
DA:671,1
DA:675,5
DA:679,1
LF:293
LH:293
BRDA:19,0,0,1
BRDA:19,0,1,0
BRDA:47,1,0,1
BRDA:47,1,1,54
BRDA:51,2,0,53
BRDA:51,2,1,37
BRDA:52,3,0,16
BRDA:52,3,1,37
BRDA:57,4,0,1
BRDA:57,4,1,1
BRDA:76,5,0,79
BRDA:76,5,1,0
BRDA:85,6,0,1
BRDA:85,6,1,2
BRDA:95,7,0,2
BRDA:95,7,1,7
BRDA:95,8,0,9
BRDA:95,8,1,2
BRDA:97,9,0,2
BRDA:97,9,1,0
BRDA:99,10,0,2
BRDA:99,10,1,0
BRDA:110,11,0,9
BRDA:110,11,1,6
BRDA:111,12,0,3
BRDA:111,12,1,0
BRDA:111,13,0,3
BRDA:111,13,1,3
BRDA:116,14,0,1
BRDA:116,14,1,8
BRDA:118,15,0,2
BRDA:118,15,1,0
BRDA:125,16,0,9
BRDA:125,16,1,1
BRDA:144,17,0,7
BRDA:144,17,1,0
BRDA:146,18,0,0
BRDA:146,18,1,7
BRDA:148,19,0,0
BRDA:148,19,1,0
BRDA:149,20,0,0
BRDA:149,20,1,0
BRDA:150,21,0,0
BRDA:150,21,1,0
BRDA:151,22,0,0
BRDA:151,22,1,0
BRDA:185,23,0,55
BRDA:185,23,1,98
BRDA:189,24,0,98
BRDA:189,24,1,97
BRDA:189,25,0,1
BRDA:189,25,1,1
BRDA:196,26,0,157
BRDA:197,27,0,157
BRDA:198,28,0,157
BRDA:199,29,0,157
BRDA:202,30,0,3
BRDA:202,30,1,154
BRDA:207,31,0,1
BRDA:207,31,1,153
BRDA:212,32,0,56
BRDA:212,32,1,97
BRDA:216,33,0,1
BRDA:216,33,1,152
BRDA:221,34,0,151
BRDA:221,34,1,1
BRDA:221,35,0,152
BRDA:221,35,1,151
BRDA:223,36,0,1
BRDA:223,36,1,121
BRDA:227,37,0,121
BRDA:227,37,1,0
BRDA:239,38,0,35
BRDA:240,39,0,35
BRDA:241,40,0,35
BRDA:243,41,0,1
BRDA:243,41,1,34
BRDA:248,42,0,1
BRDA:248,42,1,33
BRDA:253,43,0,23
BRDA:253,43,1,10
BRDA:253,44,0,33
BRDA:253,44,1,28
BRDA:257,45,0,1
BRDA:257,45,1,32
BRDA:261,46,0,32
BRDA:261,46,1,0
BRDA:261,47,0,32
BRDA:261,47,1,32
BRDA:263,48,0,1
BRDA:263,48,1,30
BRDA:267,49,0,29
BRDA:267,49,1,1
BRDA:291,50,0,2
BRDA:291,50,1,165
BRDA:301,51,0,1
BRDA:301,51,1,79
BRDA:319,52,0,51
BRDA:319,52,1,1
BRDA:321,53,0,6
BRDA:321,53,1,38
BRDA:328,54,0,11
BRDA:328,54,1,1
BRDA:333,55,0,2
BRDA:333,55,1,9
BRDA:333,56,0,11
BRDA:333,56,1,10
BRDA:339,57,0,1
BRDA:339,57,1,8
BRDA:339,58,0,9
BRDA:339,58,1,9
BRDA:341,59,0,2
BRDA:341,59,1,9
BRDA:346,60,0,1
BRDA:346,60,1,6
BRDA:346,61,0,7
BRDA:346,61,1,6
BRDA:348,62,0,2
BRDA:348,62,1,4
BRDA:348,63,0,6
BRDA:348,63,1,4
BRDA:350,64,0,1
BRDA:350,64,1,3
BRDA:350,65,0,4
BRDA:350,65,1,3
BRDA:352,66,0,1
BRDA:352,66,1,2
BRDA:352,67,0,3
BRDA:352,67,1,2
BRDA:386,68,0,1
BRDA:386,68,1,1
BRDA:393,69,0,78
BRDA:393,69,1,1
BRDA:407,70,0,1
BRDA:407,70,1,2
BRDA:407,71,0,3
BRDA:407,71,1,3
BRDA:407,71,2,3
BRDA:407,71,3,3
BRDA:415,72,0,1
BRDA:415,72,1,5
BRDA:419,73,0,3
BRDA:419,73,1,2
BRDA:421,74,0,1
BRDA:421,74,1,1
BRDA:424,75,0,1
BRDA:424,75,1,5
BRDA:431,76,0,4
BRDA:431,76,1,3
BRDA:449,77,0,45
BRDA:449,77,1,12
BRDA:451,78,0,8
BRDA:451,78,1,4
BRDA:455,79,0,1
BRDA:455,79,1,56
BRDA:467,80,0,1
BRDA:467,80,1,10
BRDA:471,81,0,3
BRDA:471,81,1,7
BRDA:486,82,0,11
BRDA:486,82,1,46
BRDA:490,83,0,1
BRDA:490,83,1,1
BRDA:503,84,0,2
BRDA:503,84,1,51
BRDA:512,85,0,16
BRDA:512,85,1,38
BRDA:521,86,0,9
BRDA:521,86,1,7
BRDA:534,87,0,5
BRDA:534,87,1,11
BRDA:535,88,0,4
BRDA:535,88,1,1
BRDA:535,89,0,5
BRDA:535,89,1,5
BRDA:546,90,0,7
BRDA:546,90,1,1
BRDA:570,91,0,2
BRDA:570,91,1,35
BRDA:577,92,0,4
BRDA:577,92,1,31
BRDA:582,93,0,1
BRDA:582,93,1,34
BRDA:586,94,0,2
BRDA:586,94,1,32
BRDA:607,95,0,2
BRDA:607,95,1,32
BRDA:617,96,0,57
BRDA:617,96,1,1
BRDA:623,97,0,1
BRDA:623,97,1,75
BRDA:627,98,0,1
BRDA:627,98,1,74
BRDA:645,99,0,2
BRDA:645,99,1,74
BRDA:663,100,0,1
BRDA:663,100,1,1
BRDA:670,101,0,1
BRDA:670,101,1,5
BRDA:670,102,0,6
BRDA:670,102,1,6
BRF:201
BRH:183
end_of_record
TN:
SF:src/integrations/svg-upload.ts
FN:13,(anonymous_0)
FN:25,(anonymous_1)
FN:30,(anonymous_2)
FN:36,(anonymous_3)
FN:37,(anonymous_4)
FN:38,(anonymous_5)
FN:41,(anonymous_6)
FNF:7
FNH:7
FNDA:7,(anonymous_0)
FNDA:16,(anonymous_1)
FNDA:3,(anonymous_2)
FNDA:4,(anonymous_3)
FNDA:2,(anonymous_4)
FNDA:1,(anonymous_5)
FNDA:9,(anonymous_6)
DA:11,1
DA:13,1
DA:14,7
DA:22,7
DA:25,1
DA:26,16
DA:27,16
DA:30,1
DA:31,3
DA:32,3
DA:33,3
DA:35,3
DA:36,4
DA:37,2
DA:38,1
DA:41,1
DA:42,9
DA:43,9
DA:44,1
DA:47,8
DA:48,9
DA:49,8
DA:50,1
DA:53,7
DA:54,9
DA:55,9
DA:57,7
DA:58,7
DA:59,7
DA:61,7
DA:62,7
DA:63,7
DA:64,3
DA:65,2
DA:66,2
DA:72,7
DA:73,5
DA:74,5
DA:77,7
DA:78,7
LF:40
LH:40
BRDA:22,0,0,7
BRDA:22,0,1,1
BRDA:27,1,0,16
BRDA:27,1,1,12
BRDA:36,2,0,4
BRDA:36,2,1,4
BRDA:43,3,0,1
BRDA:43,3,1,8
BRDA:49,4,0,1
BRDA:49,4,1,7
BRDA:53,5,0,7
BRDA:53,5,1,1
BRDA:64,6,0,2
BRDA:64,6,1,1
BRDA:72,7,0,5
BRDA:72,7,1,2
BRF:16
BRH:16
end_of_record
TN:
SF:src/llm/llm-client.ts
FN:5,(anonymous_0)
FNF:1
FNH:1
FNDA:4,(anonymous_0)
DA:5,1
DA:6,4
DA:8,4
DA:20,4
DA:28,4
DA:29,1
DA:32,3
LF:7
LH:7
BRDA:6,0,0,4
BRDA:6,0,1,2
BRDA:6,0,2,1
BRDA:28,1,0,1
BRDA:28,1,1,3
BRF:5
BRH:5
end_of_record
TN:
SF:src/mcp/context-builder.ts
FN:5,(anonymous_0)
FN:9,(anonymous_1)
FN:15,(anonymous_2)
FN:22,(anonymous_3)
FN:27,(anonymous_4)
FN:28,(anonymous_5)
FN:33,(anonymous_6)
FN:58,(anonymous_7)
FN:74,(anonymous_8)
FN:83,(anonymous_9)
FN:99,(anonymous_10)
FN:169,(anonymous_11)
FN:199,(anonymous_12)
FN:200,(anonymous_13)
FN:207,(anonymous_14)
FNF:15
FNH:15
FNDA:28,(anonymous_0)
FNDA:32,(anonymous_1)
FNDA:6,(anonymous_2)
FNDA:6,(anonymous_3)
FNDA:9,(anonymous_4)
FNDA:90,(anonymous_5)
FNDA:7,(anonymous_6)
FNDA:7,(anonymous_7)
FNDA:7,(anonymous_8)
FNDA:3,(anonymous_9)
FNDA:28,(anonymous_10)
FNDA:6,(anonymous_11)
FNDA:31,(anonymous_12)
FNDA:28,(anonymous_13)
FNDA:28,(anonymous_14)
DA:5,3
DA:6,28
DA:9,32
DA:13,3
DA:15,3
DA:16,6
DA:22,3
DA:23,6
DA:24,6
DA:27,3
DA:28,9
DA:29,90
DA:33,3
DA:34,7
DA:35,3
DA:54,3
DA:55,3
DA:58,3
DA:59,7
DA:60,5
DA:70,5
DA:71,5
DA:74,3
DA:75,7
DA:76,5
DA:77,4
DA:78,3
DA:79,2
DA:80,1
DA:83,3
DA:84,3
DA:85,1
DA:95,1
DA:96,1
DA:99,3
DA:100,28
DA:101,28
DA:103,3
DA:104,3
DA:105,3
DA:106,3
DA:108,3
DA:109,3
DA:111,3
DA:112,3
DA:113,2
DA:114,2
DA:115,2
DA:116,2
DA:119,3
DA:120,3
DA:122,3
DA:123,3
DA:125,3
DA:126,8
DA:127,8
DA:128,8
DA:131,3
DA:132,7
DA:133,7
DA:134,7
DA:135,7
DA:138,3
DA:139,3
DA:140,1
DA:144,3
DA:145,3
DA:147,3
DA:151,1
DA:156,3
DA:169,3
DA:170,6
DA:171,6
DA:172,6
DA:174,6
DA:175,6
DA:177,6
DA:178,9
DA:181,6
DA:182,6
DA:183,6
DA:184,6
DA:185,6
DA:187,6
DA:188,6
DA:189,3
DA:190,6
DA:191,6
DA:192,6
DA:196,6
DA:199,3
DA:200,31
DA:207,31
DA:217,31
LF:94
LH:94
BRDA:24,0,0,5
BRDA:24,0,1,1
BRDA:29,1,0,39
BRDA:29,1,1,51
BRDA:34,2,0,4
BRDA:34,2,1,3
BRDA:34,3,0,7
BRDA:34,3,1,6
BRDA:59,4,0,2
BRDA:59,4,1,5
BRDA:59,5,0,7
BRDA:59,5,1,5
BRDA:75,6,0,2
BRDA:75,6,1,5
BRDA:75,7,0,7
BRDA:75,7,1,5
BRDA:76,8,0,1
BRDA:76,8,1,4
BRDA:77,9,0,1
BRDA:77,9,1,3
BRDA:78,10,0,1
BRDA:78,10,1,2
BRDA:79,11,0,1
BRDA:79,11,1,1
BRDA:84,12,0,2
BRDA:84,12,1,1
BRDA:84,13,0,3
BRDA:84,13,1,2
BRDA:101,14,0,25
BRDA:101,14,1,3
BRDA:108,15,0,2
BRDA:108,15,1,1
BRDA:109,16,0,1
BRDA:109,16,1,2
BRDA:112,17,0,2
BRDA:112,17,1,1
BRDA:115,18,0,1
BRDA:115,18,1,1
BRDA:116,19,0,1
BRDA:116,19,1,1
BRDA:120,20,0,1
BRDA:120,20,1,2
BRDA:123,21,0,1
BRDA:123,21,1,2
BRDA:134,22,0,5
BRDA:134,22,1,2
BRDA:135,23,0,5
BRDA:135,23,1,2
BRDA:139,24,0,1
BRDA:139,24,1,2
BRDA:147,25,0,1
BRDA:147,25,1,2
BRDA:148,26,0,3
BRDA:148,26,1,1
BRDA:178,27,0,6
BRDA:178,27,1,3
BRDA:181,28,0,6
BRDA:181,28,1,1
BRDA:182,29,0,6
BRDA:182,29,1,5
BRDA:183,30,0,6
BRDA:183,30,1,5
BRDA:184,31,0,6
BRDA:184,31,1,5
BRDA:185,32,0,6
BRDA:185,32,1,5
BRDA:188,33,0,3
BRDA:188,33,1,3
BRDA:188,34,0,6
BRDA:188,34,1,4
BRDA:189,35,0,3
BRDA:189,35,1,1
BRDA:189,36,0,3
BRDA:189,36,1,1
BRDA:190,37,0,2
BRDA:190,37,1,4
BRDA:191,38,0,4
BRDA:191,38,1,2
BRDA:211,39,0,6
BRDA:211,39,1,22
BRDA:212,40,0,6
BRDA:212,40,1,22
BRF:82
BRH:82
end_of_record
TN:
SF:src/mcp/design-system-tokens.ts
FN:7,(anonymous_0)
FN:22,(anonymous_1)
FN:104,(anonymous_2)
FNF:3
FNH:3
FNDA:4,(anonymous_0)
FNDA:31,(anonymous_1)
FNDA:13,(anonymous_2)
DA:7,4
DA:11,4
DA:12,2
DA:15,2
DA:22,4
DA:23,31
DA:26,31
DA:32,4
DA:33,3
DA:35,1
DA:39,27
DA:46,5
DA:47,5
DA:48,4
DA:50,1
DA:54,22
DA:59,10
DA:60,2
DA:62,8
DA:63,1
DA:65,7
DA:66,1
DA:68,6
DA:69,1
DA:71,5
DA:72,5
DA:73,4
DA:74,3
DA:75,2
DA:76,1
DA:78,1
DA:82,12
DA:83,10
DA:84,10
DA:85,9
DA:86,8
DA:87,7
DA:88,6
DA:89,5
DA:90,4
DA:91,2
DA:92,1
DA:94,1
DA:97,2
DA:104,4
DA:108,13
DA:109,6
DA:112,7
DA:113,7
DA:116,7
DA:117,18
DA:118,16
DA:122,7
LF:53
LH:53
BRDA:11,0,0,2
BRDA:11,0,1,2
BRDA:11,1,0,4
BRDA:11,1,1,3
BRDA:26,2,0,4
BRDA:26,2,1,27
BRDA:27,3,0,31
BRDA:27,3,1,29
BRDA:27,3,2,28
BRDA:27,3,3,27
BRDA:32,4,0,3
BRDA:32,4,1,1
BRDA:32,5,0,4
BRDA:32,5,1,4
BRDA:39,6,0,5
BRDA:39,6,1,22
BRDA:40,7,0,27
BRDA:40,7,1,25
BRDA:40,7,2,25
BRDA:40,7,3,24
BRDA:40,7,4,23
BRDA:47,8,0,4
BRDA:47,8,1,1
BRDA:54,9,0,10
BRDA:54,9,1,12
BRDA:55,10,0,22
BRDA:55,10,1,13
BRDA:55,10,2,13
BRDA:59,11,0,2
BRDA:59,11,1,8
BRDA:59,12,0,10
BRDA:59,12,1,9
BRDA:62,13,0,1
BRDA:62,13,1,7
BRDA:62,14,0,8
BRDA:62,14,1,7
BRDA:65,15,0,1
BRDA:65,15,1,6
BRDA:65,16,0,7
BRDA:65,16,1,6
BRDA:68,17,0,1
BRDA:68,17,1,5
BRDA:68,18,0,6
BRDA:68,18,1,5
BRDA:72,19,0,4
BRDA:72,19,1,1
BRDA:73,20,0,1
BRDA:73,20,1,3
BRDA:74,21,0,1
BRDA:74,21,1,2
BRDA:75,22,0,1
BRDA:75,22,1,1
BRDA:82,23,0,10
BRDA:82,23,1,2
BRDA:82,24,0,12
BRDA:82,24,1,4
BRDA:82,24,2,3
BRDA:84,25,0,9
BRDA:84,25,1,1
BRDA:85,26,0,1
BRDA:85,26,1,8
BRDA:86,27,0,1
BRDA:86,27,1,7
BRDA:87,28,0,1
BRDA:87,28,1,6
BRDA:88,29,0,1
BRDA:88,29,1,5
BRDA:89,30,0,1
BRDA:89,30,1,4
BRDA:90,31,0,2
BRDA:90,31,1,2
BRDA:91,32,0,1
BRDA:91,32,1,1
BRDA:108,33,0,6
BRDA:108,33,1,7
BRDA:108,34,0,13
BRDA:108,34,1,8
BRDA:117,35,0,16
BRDA:117,35,1,2
BRF:79
BRH:79
end_of_record
TN:
SF:src/mcp/pipeline.ts
FN:14,(anonymous_0)
FN:38,(anonymous_1)
FN:43,(anonymous_2)
FN:58,(anonymous_3)
FNF:4
FNH:4
FNDA:10,(anonymous_0)
FNDA:10,(anonymous_1)
FNDA:3,(anonymous_2)
FNDA:10,(anonymous_3)
DA:14,1
DA:15,10
DA:22,10
DA:24,10
DA:27,10
DA:32,10
DA:38,1
DA:39,10
DA:40,10
DA:43,1
DA:44,3
DA:50,1
DA:55,2
DA:58,1
DA:59,10
DA:60,10
DA:61,10
DA:63,10
DA:64,10
DA:65,10
DA:71,10
DA:72,10
DA:74,10
DA:75,10
DA:77,10
DA:78,10
DA:80,10
DA:81,10
DA:83,10
DA:84,10
DA:85,10
DA:87,10
DA:88,10
DA:89,7
DA:91,3
DA:94,7
LF:36
LH:36
BRDA:33,0,0,10
BRDA:33,0,1,1
BRDA:34,1,0,10
BRDA:34,1,1,10
BRDA:39,2,0,10
BRDA:39,2,1,10
BRDA:44,3,0,1
BRDA:44,3,1,2
BRDA:45,4,0,3
BRDA:45,4,1,3
BRDA:45,4,2,2
BRDA:45,4,3,1
BRDA:55,5,0,1
BRDA:55,5,1,1
BRDA:84,6,0,10
BRDA:84,6,1,9
BRF:16
BRH:16
end_of_record
TN:
SF:src/mcp/prompt-builder.ts
FN:3,(anonymous_0)
FNF:1
FNH:1
FNDA:15,(anonymous_0)
DA:3,2
DA:4,15
LF:2
LH:2
BRF:0
BRH:0
end_of_record
