TN:
SF:src/index.ts
FN:47,(anonymous_0)
FN:49,(anonymous_1)
FN:54,(anonymous_2)
FN:90,(anonymous_3)
FN:124,(anonymous_4)
FN:136,(anonymous_5)
FN:151,(anonymous_6)
FN:175,(anonymous_7)
FN:189,(anonymous_8)
FN:199,(anonymous_9)
FN:218,(anonymous_10)
FN:226,(anonymous_11)
FN:239,(anonymous_12)
FN:242,(anonymous_13)
FN:248,(anonymous_14)
FN:254,(anonymous_15)
FN:271,(anonymous_16)
FN:275,(anonymous_17)
FN:279,(anonymous_18)
FN:286,(anonymous_19)
FN:301,(anonymous_20)
FN:320,(anonymous_21)
FN:346,(anonymous_22)
FN:347,(anonymous_23)
FN:358,(anonymous_24)
FN:365,(anonymous_25)
FN:367,(anonymous_26)
FN:377,(anonymous_27)
FN:391,(anonymous_28)
FN:411,(anonymous_29)
FN:434,(anonymous_30)
FN:450,(anonymous_31)
FN:458,(anonymous_32)
FN:463,(anonymous_33)
FN:478,(anonymous_34)
FN:494,(anonymous_35)
FN:586,(anonymous_36)
FN:648,(anonymous_37)
FN:652,(anonymous_38)
FNF:39
FNH:39
FNDA:105,(anonymous_0)
FNDA:44,(anonymous_1)
FNDA:78,(anonymous_2)
FNDA:45,(anonymous_3)
FNDA:13,(anonymous_4)
FNDA:12,(anonymous_5)
FNDA:27,(anonymous_6)
FNDA:9,(anonymous_7)
FNDA:10,(anonymous_8)
FNDA:9,(anonymous_9)
FNDA:9,(anonymous_10)
FNDA:25,(anonymous_11)
FNDA:28,(anonymous_12)
FNDA:8,(anonymous_13)
FNDA:8,(anonymous_14)
FNDA:4,(anonymous_15)
FNDA:11,(anonymous_16)
FNDA:9,(anonymous_17)
FNDA:2,(anonymous_18)
FNDA:4,(anonymous_19)
FNDA:2,(anonymous_20)
FNDA:10,(anonymous_21)
FNDA:5,(anonymous_22)
FNDA:2,(anonymous_23)
FNDA:2,(anonymous_24)
FNDA:12,(anonymous_25)
FNDA:4,(anonymous_26)
FNDA:57,(anonymous_27)
FNDA:44,(anonymous_28)
FNDA:13,(anonymous_29)
FNDA:4,(anonymous_30)
FNDA:3,(anonymous_31)
FNDA:8,(anonymous_32)
FNDA:10,(anonymous_33)
FNDA:2,(anonymous_34)
FNDA:44,(anonymous_35)
FNDA:1,(anonymous_36)
FNDA:1,(anonymous_37)
FNDA:1,(anonymous_38)
DA:17,44
DA:29,44
DA:31,44
DA:37,44
DA:47,105
DA:49,44
DA:50,44
DA:51,44
DA:54,44
DA:55,78
DA:87,56
DA:90,44
DA:95,45
DA:111,45
DA:112,5
DA:115,40
DA:121,40
DA:124,44
DA:125,13
DA:126,13
DA:127,1
DA:132,12
DA:136,12
DA:148,12
DA:151,44
DA:152,27
DA:172,27
DA:175,44
DA:176,9
DA:178,9
DA:179,1
DA:182,9
DA:183,2
DA:186,9
DA:189,44
DA:192,10
DA:193,1
DA:196,9
DA:198,10
DA:200,9
DA:201,9
DA:213,10
DA:218,9
DA:223,9
DA:226,44
DA:227,25
DA:232,25
DA:233,1
DA:236,24
DA:239,44
DA:240,28
DA:242,8
DA:244,28
DA:245,22
DA:248,8
DA:249,6
DA:250,2
DA:251,2
DA:254,4
DA:255,4
DA:256,2
DA:257,2
DA:258,1
DA:260,1
DA:263,2
DA:264,2
DA:265,1
DA:268,1
DA:271,44
DA:272,11
DA:275,44
DA:276,9
DA:279,44
DA:282,2
DA:286,4
DA:298,2
DA:301,44
DA:302,2
DA:317,2
DA:320,44
DA:321,10
DA:322,10
DA:324,10
DA:325,10
DA:327,7
DA:328,1
DA:332,9
DA:333,9
DA:335,9
DA:336,9
DA:337,1
DA:339,8
DA:343,9
DA:346,44
DA:347,5
DA:348,5
DA:350,3
DA:351,3
DA:352,3
DA:354,2
DA:358,44
DA:359,2
DA:360,2
DA:361,2
DA:362,2
DA:365,12
DA:367,44
DA:368,4
DA:369,2
DA:371,2
DA:374,4
DA:377,44
DA:378,57
DA:379,57
DA:381,8
DA:383,3
DA:384,3
DA:385,57
DA:386,1
DA:388,3
DA:391,44
DA:392,44
DA:394,44
DA:395,44
DA:396,42
DA:397,42
DA:400,2
DA:401,2
DA:402,2
DA:403,1
DA:404,1
DA:406,1
DA:407,1
DA:411,44
DA:412,13
DA:413,13
DA:414,8
DA:417,5
DA:418,5
DA:420,5
DA:421,5
DA:422,1
DA:425,4
DA:426,1
DA:429,3
DA:430,3
DA:431,3
DA:434,44
DA:435,4
DA:436,4
DA:437,4
DA:438,2
DA:441,2
DA:442,1
DA:445,1
DA:446,1
DA:447,1
DA:450,44
DA:451,3
DA:452,3
DA:453,3
DA:455,3
DA:458,44
DA:459,8
DA:460,7
DA:463,44
DA:464,10
DA:465,10
DA:466,10
DA:467,10
DA:468,10
DA:469,9
DA:470,1
DA:471,1
DA:474,8
DA:475,7
DA:478,44
DA:479,2
DA:481,2
DA:482,2
DA:483,2
DA:484,1
DA:485,1
DA:486,1
DA:488,1
DA:489,1
DA:490,1
DA:494,44
DA:497,44
DA:498,44
DA:499,44
DA:500,44
DA:502,43
DA:503,78
DA:505,56
DA:506,13
DA:507,13
DA:508,13
DA:511,43
DA:512,10
DA:513,8
DA:516,33
DA:517,3
DA:518,2
DA:519,1
DA:521,2
DA:524,30
DA:525,2
DA:526,2
DA:529,28
DA:530,28
DA:531,28
DA:532,25
DA:533,1
DA:534,1
DA:537,27
DA:538,3
DA:540,27
DA:541,27
DA:543,27
DA:544,27
DA:545,1
DA:546,1
DA:549,26
DA:550,78
DA:553,78
DA:554,13
DA:555,13
DA:556,12
DA:557,1
DA:558,1
DA:561,11
DA:562,1
DA:567,13
DA:568,13
DA:569,12
DA:570,1
DA:571,1
DA:574,11
DA:575,11
DA:576,1
DA:577,1
DA:580,10
DA:582,10
DA:583,10
DA:587,1
DA:588,1
DA:589,1
DA:593,8
DA:595,13
DA:596,1
DA:599,7
DA:600,5
DA:602,2
DA:603,2
DA:604,1
DA:605,1
DA:609,6
DA:611,3
DA:613,3
DA:614,1
DA:617,2
DA:618,2
DA:619,2
DA:620,1
DA:621,1
DA:624,1
DA:625,1
DA:626,1
DA:627,1
DA:633,16
DA:634,16
DA:635,16
DA:636,1
DA:641,16
DA:649,1
DA:650,1
DA:653,1
DA:654,1
DA:655,1
DA:660,15
DA:661,78
DA:662,78
DA:663,15
DA:666,31
DA:667,31
DA:668,31
DA:669,31
DA:673,44
LF:289
LH:289
BRDA:32,0,0,44
BRDA:32,0,1,1
BRDA:47,1,0,105
BRDA:47,1,1,59
BRDA:111,2,0,5
BRDA:111,2,1,40
BRDA:126,3,0,1
BRDA:126,3,1,12
BRDA:178,4,0,1
BRDA:178,4,1,8
BRDA:182,5,0,2
BRDA:182,5,1,7
BRDA:186,6,0,3
BRDA:186,6,1,6
BRDA:192,7,0,1
BRDA:192,7,1,9
BRDA:196,8,0,9
BRDA:196,8,1,8
BRDA:196,8,2,1
BRDA:200,9,0,7
BRDA:200,9,1,2
BRDA:232,10,0,1
BRDA:232,10,1,24
BRDA:236,11,0,24
BRDA:236,11,1,1
BRDA:244,12,0,22
BRDA:244,12,1,6
BRDA:249,13,0,2
BRDA:249,13,1,4
BRDA:251,14,0,1
BRDA:251,14,1,1
BRDA:254,15,0,4
BRDA:254,15,1,2
BRDA:255,16,0,2
BRDA:255,16,1,2
BRDA:257,17,0,1
BRDA:257,17,1,1
BRDA:257,18,0,2
BRDA:257,18,1,2
BRDA:264,19,0,1
BRDA:264,19,1,1
BRDA:327,20,0,1
BRDA:327,20,1,6
BRDA:327,21,0,7
BRDA:327,21,1,7
BRDA:327,21,2,7
BRDA:327,21,3,7
BRDA:336,22,0,1
BRDA:336,22,1,8
BRDA:340,23,0,6
BRDA:340,23,1,2
BRDA:340,24,0,1
BRDA:340,24,1,1
BRDA:343,25,0,1
BRDA:343,25,1,8
BRDA:348,26,0,2
BRDA:348,26,1,3
BRDA:368,27,0,2
BRDA:368,27,1,2
BRDA:379,28,0,49
BRDA:379,28,1,8
BRDA:381,29,0,5
BRDA:381,29,1,3
BRDA:385,30,0,1
BRDA:385,30,1,56
BRDA:395,31,0,42
BRDA:395,31,1,2
BRDA:413,32,0,8
BRDA:413,32,1,5
BRDA:421,33,0,1
BRDA:421,33,1,4
BRDA:425,34,0,1
BRDA:425,34,1,3
BRDA:437,35,0,2
BRDA:437,35,1,2
BRDA:441,36,0,1
BRDA:441,36,1,1
BRDA:451,37,0,3
BRDA:451,37,1,0
BRDA:455,38,0,3
BRDA:455,38,1,2
BRDA:469,39,0,1
BRDA:469,39,1,8
BRDA:489,40,0,1
BRDA:489,40,1,0
BRDA:505,41,0,13
BRDA:505,41,1,43
BRDA:511,42,0,10
BRDA:511,42,1,33
BRDA:516,43,0,3
BRDA:516,43,1,30
BRDA:518,44,0,1
BRDA:518,44,1,1
BRDA:524,45,0,2
BRDA:524,45,1,28
BRDA:531,46,0,28
BRDA:531,46,1,25
BRDA:532,47,0,1
BRDA:532,47,1,24
BRDA:537,48,0,3
BRDA:537,48,1,24
BRDA:544,49,0,1
BRDA:544,49,1,26
BRDA:549,50,0,13
BRDA:549,50,1,13
BRDA:553,51,0,13
BRDA:553,51,1,13
BRDA:556,52,0,1
BRDA:556,52,1,11
BRDA:561,53,0,1
BRDA:561,53,1,10
BRDA:569,54,0,1
BRDA:569,54,1,11
BRDA:575,55,0,1
BRDA:575,55,1,10
BRDA:595,56,0,1
BRDA:595,56,1,12
BRDA:599,57,0,5
BRDA:599,57,1,2
BRDA:603,58,0,1
BRDA:603,58,1,1
BRDA:613,59,0,1
BRDA:613,59,1,2
BRDA:619,60,0,1
BRDA:619,60,1,1
BRDA:625,61,0,1
BRDA:625,61,1,0
BRDA:635,62,0,1
BRDA:635,62,1,15
BRDA:667,63,0,30
BRDA:667,63,1,1
BRF:131
BRH:128
end_of_record
TN:
SF:src/animations/index.ts
FN:8,(anonymous_0)
FN:12,(anonymous_1)
FN:26,(anonymous_2)
FN:29,(anonymous_3)
FN:35,(anonymous_4)
FN:39,(anonymous_5)
FN:43,(anonymous_6)
FNF:7
FNH:7
FNDA:2,(anonymous_0)
FNDA:2,(anonymous_1)
FNDA:2,(anonymous_2)
FNDA:1,(anonymous_3)
FNDA:1,(anonymous_4)
FNDA:1,(anonymous_5)
FNDA:1,(anonymous_6)
DA:6,1
DA:8,1
DA:9,2
DA:12,1
DA:13,2
DA:15,2
DA:16,1
DA:17,1
DA:20,1
DA:21,1
DA:22,1
DA:23,1
DA:26,1
DA:27,2
DA:28,2
DA:30,1
DA:35,1
DA:36,1
DA:39,1
DA:40,1
DA:43,1
DA:44,1
LF:22
LH:22
BRDA:9,0,0,2
BRDA:9,0,1,2
BRDA:15,1,0,1
BRDA:15,1,1,1
BRF:4
BRH:4
end_of_record
TN:
SF:src/copilot/auth.ts
FN:16,(anonymous_0)
FN:20,(anonymous_1)
FN:25,(anonymous_2)
FN:35,(anonymous_3)
FN:39,(anonymous_4)
FN:44,(anonymous_5)
FN:60,(anonymous_6)
FN:67,(anonymous_7)
FN:70,(anonymous_8)
FN:88,(anonymous_9)
FN:95,(anonymous_10)
FN:112,(anonymous_11)
FN:133,(anonymous_12)
FN:154,(anonymous_13)
FN:166,(anonymous_14)
FN:197,(anonymous_15)
FN:242,(anonymous_16)
FN:262,(anonymous_17)
FN:267,(anonymous_18)
FNF:19
FNH:19
FNDA:3,(anonymous_0)
FNDA:21,(anonymous_1)
FNDA:21,(anonymous_2)
FNDA:6,(anonymous_3)
FNDA:16,(anonymous_4)
FNDA:21,(anonymous_5)
FNDA:25,(anonymous_6)
FNDA:20,(anonymous_7)
FNDA:4,(anonymous_8)
FNDA:7,(anonymous_9)
FNDA:8,(anonymous_10)
FNDA:9,(anonymous_11)
FNDA:4,(anonymous_12)
FNDA:8,(anonymous_13)
FNDA:9,(anonymous_14)
FNDA:7,(anonymous_15)
FNDA:9,(anonymous_16)
FNDA:6,(anonymous_17)
FNDA:1,(anonymous_18)
DA:11,1
DA:12,1
DA:13,1
DA:14,1
DA:16,1
DA:17,3
DA:20,1
DA:21,21
DA:22,1
DA:25,1
DA:28,21
DA:29,21
DA:35,1
DA:36,6
DA:39,1
DA:40,16
DA:41,16
DA:44,1
DA:45,21
DA:46,1
DA:47,1
DA:50,20
DA:61,25
DA:62,25
DA:63,25
DA:64,25
DA:68,20
DA:70,14
DA:71,14
DA:73,10
DA:74,10
DA:76,8
DA:84,8
DA:85,8
DA:89,7
DA:90,7
DA:91,7
DA:92,7
DA:96,8
DA:97,8
DA:109,8
DA:116,9
DA:117,9
DA:130,9
DA:137,4
DA:138,4
DA:151,4
DA:155,8
DA:156,8
DA:158,7
DA:162,7
DA:163,7
DA:165,7
DA:166,9
DA:167,9
DA:169,9
DA:170,4
DA:177,4
DA:178,4
DA:179,4
DA:182,5
DA:183,2
DA:186,3
DA:187,1
DA:188,1
DA:191,2
DA:194,1
DA:198,7
DA:199,7
DA:200,1
DA:203,6
DA:204,6
DA:205,1
DA:206,1
DA:209,5
DA:210,1
DA:211,1
DA:214,1
DA:217,4
DA:221,4
DA:222,1
DA:223,1
DA:226,1
DA:229,3
DA:237,7
DA:238,3
DA:239,3
DA:243,9
DA:244,9
DA:245,1
DA:248,8
DA:249,8
DA:250,2
DA:251,2
DA:254,6
DA:255,1
DA:258,5
DA:259,5
DA:263,6
DA:267,1
DA:268,1
LF:101
LH:101
BRDA:11,0,0,1
BRDA:11,0,1,1
BRDA:21,1,0,20
BRDA:21,1,1,1
BRDA:41,2,0,16
BRDA:41,2,1,14
BRDA:45,3,0,1
BRDA:45,3,1,20
BRDA:60,4,0,25
BRDA:61,5,0,25
BRDA:61,5,1,1
BRDA:63,6,0,25
BRDA:63,6,1,25
BRDA:64,7,0,25
BRDA:64,7,1,17
BRDA:68,8,0,6
BRDA:68,8,1,14
BRDA:71,9,0,4
BRDA:71,9,1,10
BRDA:74,10,0,2
BRDA:74,10,1,8
BRDA:74,11,0,10
BRDA:74,11,1,9
BRDA:96,12,0,8
BRDA:96,12,1,8
BRDA:116,13,0,9
BRDA:116,13,1,9
BRDA:137,14,0,4
BRDA:137,14,1,3
BRDA:155,15,0,8
BRDA:155,15,1,8
BRDA:169,16,0,4
BRDA:169,16,1,5
BRDA:173,17,0,4
BRDA:173,17,1,1
BRDA:182,18,0,2
BRDA:182,18,1,3
BRDA:186,19,0,1
BRDA:186,19,1,2
BRDA:191,20,0,2
BRDA:191,20,1,1
BRDA:199,21,0,1
BRDA:199,21,1,6
BRDA:204,22,0,1
BRDA:204,22,1,5
BRDA:209,23,0,1
BRDA:209,23,1,4
BRDA:212,24,0,1
BRDA:212,24,1,1
BRDA:219,25,0,4
BRDA:219,25,1,3
BRDA:221,26,0,1
BRDA:221,26,1,3
BRDA:224,27,0,1
BRDA:224,27,1,1
BRDA:231,28,0,3
BRDA:231,28,1,1
BRDA:232,29,0,7
BRDA:232,29,1,2
BRDA:244,30,0,1
BRDA:244,30,1,8
BRDA:249,31,0,2
BRDA:249,31,1,6
BRDA:254,32,0,1
BRDA:254,32,1,5
BRDA:267,33,0,1
BRF:66
BRH:66
end_of_record
TN:
SF:src/copilot/copilot-provider.ts
FN:12,(anonymous_0)
FN:20,(anonymous_1)
FN:26,(anonymous_2)
FN:27,(anonymous_3)
FN:28,(anonymous_4)
FN:44,(anonymous_5)
FN:50,(anonymous_6)
FN:76,(anonymous_7)
FN:102,(anonymous_8)
FNF:9
FNH:9
FNDA:9,(anonymous_0)
FNDA:5,(anonymous_1)
FNDA:3,(anonymous_2)
FNDA:3,(anonymous_3)
FNDA:3,(anonymous_4)
FNDA:10,(anonymous_5)
FNDA:3,(anonymous_6)
FNDA:6,(anonymous_7)
FNDA:1,(anonymous_8)
DA:12,1
DA:13,9
DA:14,1
DA:15,1
DA:20,1
DA:21,5
DA:22,1
DA:25,4
DA:26,3
DA:27,3
DA:28,3
DA:32,5
DA:33,1
DA:36,3
DA:45,10
DA:46,10
DA:47,10
DA:51,3
DA:52,3
DA:66,3
DA:67,3
DA:68,3
DA:69,3
DA:70,1
DA:73,2
DA:77,6
DA:78,6
DA:92,6
DA:93,5
DA:94,5
DA:95,5
DA:96,3
DA:99,2
DA:103,1
LF:34
LH:34
BRDA:13,0,0,8
BRDA:13,0,1,1
BRDA:21,1,0,1
BRDA:21,1,1,4
BRDA:21,2,0,5
BRDA:21,2,1,1
BRDA:26,3,0,3
BRDA:26,3,1,1
BRDA:27,4,0,3
BRDA:27,4,1,1
BRDA:28,5,0,3
BRDA:28,5,1,1
BRDA:32,6,0,1
BRDA:32,6,1,4
BRDA:32,7,0,5
BRDA:32,7,1,1
BRDA:47,8,0,10
BRDA:47,8,1,1
BRDA:61,9,0,3
BRDA:61,9,1,3
BRDA:69,10,0,1
BRDA:69,10,1,2
BRDA:87,11,0,6
BRDA:87,11,1,6
BRDA:95,12,0,3
BRDA:95,12,1,2
BRF:26
BRH:26
end_of_record
TN:
SF:src/copilot/fetch.ts
FN:3,(anonymous_0)
FN:7,(anonymous_1)
FN:7,(anonymous_2)
FN:9,(anonymous_3)
FN:13,(anonymous_4)
FN:17,(anonymous_5)
FN:21,(anonymous_6)
FN:28,(anonymous_7)
FNF:8
FNH:8
FNDA:1,(anonymous_0)
FNDA:4,(anonymous_1)
FNDA:4,(anonymous_2)
FNDA:5,(anonymous_3)
FNDA:7,(anonymous_4)
FNDA:13,(anonymous_5)
FNDA:7,(anonymous_6)
FNDA:7,(anonymous_7)
DA:3,1
DA:4,1
DA:7,4
DA:9,1
DA:10,5
DA:13,1
DA:14,7
DA:17,1
DA:18,13
DA:21,1
DA:22,7
DA:23,7
DA:24,7
DA:25,7
DA:26,7
DA:28,7
DA:29,7
DA:30,7
DA:32,7
DA:33,11
DA:34,11
DA:35,11
DA:36,11
DA:37,11
DA:39,11
DA:40,11
DA:45,9
DA:46,2
DA:47,2
DA:48,2
DA:49,2
DA:50,2
DA:51,2
DA:53,2
DA:58,2
DA:59,1
DA:62,1
DA:63,1
DA:66,7
DA:71,3
DA:72,3
DA:75,3
DA:76,3
DA:77,3
DA:80,4
DA:82,3
DA:83,1
DA:84,1
DA:85,1
DA:86,1
DA:87,1
DA:90,2
LF:52
LH:52
BRDA:14,0,0,7
BRDA:14,0,1,7
BRDA:18,1,0,13
BRDA:18,1,1,13
BRDA:22,2,0,7
BRDA:22,2,1,7
BRDA:23,3,0,7
BRDA:23,3,1,1
BRDA:24,4,0,7
BRDA:24,4,1,5
BRDA:25,5,0,7
BRDA:25,5,1,7
BRDA:26,6,0,7
BRDA:26,6,1,7
BRDA:28,7,0,7
BRDA:45,8,0,2
BRDA:45,8,1,7
BRDA:58,9,0,1
BRDA:58,9,1,1
BRDA:66,10,0,3
BRDA:66,10,1,4
BRDA:67,11,0,7
BRDA:67,11,1,5
BRDA:67,11,2,5
BRDA:82,12,0,1
BRDA:82,12,1,2
BRDA:82,13,0,3
BRDA:82,13,1,1
BRDA:82,13,2,1
BRF:29
BRH:29
end_of_record
TN:
SF:src/copilot/models.ts
FN:13,(anonymous_0)
FN:42,(anonymous_1)
FN:56,(anonymous_2)
FN:77,(anonymous_3)
FN:87,(anonymous_4)
FNF:5
FNH:5
FNDA:6,(anonymous_0)
FNDA:8,(anonymous_1)
FNDA:10,(anonymous_2)
FNDA:8,(anonymous_3)
FNDA:7,(anonymous_4)
DA:9,2
DA:10,2
DA:11,2
DA:13,2
DA:14,6
DA:16,6
DA:21,6
DA:42,2
DA:43,8
DA:44,1
DA:45,1
DA:48,7
DA:49,7
DA:50,1
DA:53,6
DA:56,2
DA:64,10
DA:65,10
DA:66,10
DA:68,10
DA:69,1
DA:72,9
DA:73,9
DA:74,1
DA:77,8
DA:78,8
DA:79,8
DA:86,8
DA:87,6
DA:88,7
DA:90,6
DA:92,6
DA:97,6
DA:100,8
DA:102,8
DA:103,8
DA:105,8
LF:37
LH:37
BRDA:16,0,0,6
BRDA:16,0,1,5
BRDA:16,0,2,5
BRDA:16,0,3,5
BRDA:25,1,0,6
BRDA:25,1,1,1
BRDA:43,2,0,1
BRDA:43,2,1,7
BRDA:49,3,0,1
BRDA:49,3,1,6
BRDA:58,4,0,10
BRDA:64,5,0,10
BRDA:64,5,1,9
BRDA:68,6,0,1
BRDA:68,6,1,9
BRDA:68,7,0,10
BRDA:68,7,1,3
BRDA:68,7,2,1
BRDA:73,8,0,1
BRDA:73,8,1,8
BRDA:79,9,0,8
BRDA:79,9,1,1
BRDA:88,10,0,7
BRDA:88,10,1,6
BRF:24
BRH:24
end_of_record
TN:
SF:src/copilot/provider.ts
FN:16,(anonymous_0)
FN:24,resolveMode
FN:31,(anonymous_2)
FN:55,(anonymous_3)
FN:56,(anonymous_4)
FN:58,(anonymous_5)
FN:64,(anonymous_6)
FNF:7
FNH:7
FNDA:8,(anonymous_0)
FNDA:6,resolveMode
FNDA:6,(anonymous_2)
FNDA:1,(anonymous_3)
FNDA:1,(anonymous_4)
FNDA:1,(anonymous_5)
FNDA:2,(anonymous_6)
DA:16,1
DA:17,8
DA:18,1
DA:21,7
DA:25,6
DA:26,3
DA:28,3
DA:31,1
DA:32,6
DA:33,6
DA:34,6
DA:36,6
DA:41,6
DA:46,6
DA:52,6
DA:55,1
DA:57,1
DA:58,1
DA:65,2
DA:66,2
DA:68,2
DA:69,1
DA:72,1
DA:77,1
LF:24
LH:24
BRDA:17,0,0,1
BRDA:17,0,1,7
BRDA:25,1,0,3
BRDA:25,1,1,3
BRDA:25,2,0,6
BRDA:25,2,1,5
BRDA:31,3,0,6
BRDA:32,4,0,6
BRDA:32,4,1,6
BRDA:33,5,0,6
BRDA:33,5,1,6
BRDA:68,6,0,1
BRDA:68,6,1,1
BRF:13
BRH:13
end_of_record
TN:
SF:src/ds/index.ts
FN:3,(anonymous_0)
FNF:1
FNH:1
FNDA:5,(anonymous_0)
DA:1,5
DA:3,5
DA:4,5
DA:5,5
DA:6,4
DA:7,1
DA:9,3
DA:10,2
DA:12,3
DA:13,3
LF:10
LH:10
BRDA:1,0,0,5
BRDA:1,0,1,1
BRDA:6,1,0,1
BRDA:6,1,1,3
BRF:4
BRH:4
end_of_record
TN:
SF:src/integrations/figma-metadata-cache.ts
FN:7,(anonymous_0)
FN:12,(anonymous_1)
FN:31,(anonymous_2)
FNF:3
FNH:3
FNDA:18,(anonymous_0)
FNDA:8,(anonymous_1)
FNDA:10,(anonymous_2)
DA:7,2
DA:8,18
DA:9,18
DA:12,2
DA:15,8
DA:16,8
DA:17,8
DA:18,8
DA:23,7
DA:24,0
DA:27,7
DA:31,2
DA:35,10
LF:13
LH:12
BRDA:23,0,0,0
BRDA:23,0,1,7
BRDA:23,1,0,7
BRDA:23,1,1,7
BRDA:23,1,2,7
BRDA:23,1,3,0
BRF:6
BRH:4
end_of_record
TN:
SF:src/integrations/figma.ts
FN:36,(anonymous_0)
FN:40,(anonymous_1)
FN:68,(anonymous_2)
FN:80,(anonymous_3)
FN:81,(anonymous_4)
FN:89,(anonymous_5)
FN:95,(anonymous_6)
FN:165,(anonymous_7)
FN:169,(anonymous_8)
FN:173,(anonymous_9)
FN:190,(anonymous_10)
FN:195,(anonymous_11)
FN:238,(anonymous_12)
FN:277,(anonymous_13)
FN:285,(anonymous_14)
FN:300,(anonymous_15)
FN:308,(anonymous_16)
FN:368,(anonymous_17)
FN:396,(anonymous_18)
FN:415,(anonymous_19)
FN:442,(anonymous_20)
FN:444,(anonymous_21)
FN:445,(anonymous_22)
FN:455,(anonymous_23)
FN:462,(anonymous_24)
FN:477,(anonymous_25)
FN:499,(anonymous_26)
FN:626,(anonymous_27)
FN:630,(anonymous_28)
FN:631,(anonymous_29)
FN:637,(anonymous_30)
FNF:31
FNH:30
FNDA:13,(anonymous_0)
FNDA:46,(anonymous_1)
FNDA:73,(anonymous_2)
FNDA:2,(anonymous_3)
FNDA:6,(anonymous_4)
FNDA:6,(anonymous_5)
FNDA:7,(anonymous_6)
FNDA:73,(anonymous_7)
FNDA:88,(anonymous_8)
FNDA:135,(anonymous_9)
FNDA:0,(anonymous_10)
FNDA:139,(anonymous_11)
FNDA:33,(anonymous_12)
FNDA:28,(anonymous_13)
FNDA:146,(anonymous_14)
FNDA:75,(anonymous_15)
FNDA:44,(anonymous_16)
FNDA:73,(anonymous_17)
FNDA:73,(anonymous_18)
FNDA:5,(anonymous_19)
FNDA:17,(anonymous_20)
FNDA:5,(anonymous_21)
FNDA:2,(anonymous_22)
FNDA:2,(anonymous_23)
FNDA:48,(anonymous_24)
FNDA:8,(anonymous_25)
FNDA:48,(anonymous_26)
FNDA:17,(anonymous_27)
FNDA:72,(anonymous_28)
FNDA:72,(anonymous_29)
FNDA:72,(anonymous_30)
DA:17,1
DA:18,1
DA:19,1
DA:25,1
DA:36,1
DA:37,13
DA:40,1
DA:41,46
DA:43,46
DA:44,46
DA:45,46
DA:46,46
DA:48,46
DA:49,1
DA:52,44
DA:53,46
DA:55,46
DA:57,2
DA:58,2
DA:59,1
DA:64,1
DA:68,1
DA:69,73
DA:77,73
DA:80,1
DA:81,2
DA:82,6
DA:85,2
DA:86,2
DA:89,1
DA:90,6
DA:91,6
DA:92,6
DA:93,6
DA:95,6
DA:96,7
DA:97,1
DA:98,1
DA:99,1
DA:100,1
DA:101,1
DA:111,7
DA:112,2
DA:113,2
DA:117,7
DA:118,2
DA:119,3
DA:120,3
DA:122,3
DA:126,7
DA:127,1
DA:131,6
DA:133,6
DA:134,6
DA:135,6
DA:136,3
DA:139,6
DA:165,1
DA:166,73
DA:169,88
DA:173,1
DA:174,135
DA:186,135
DA:187,50
DA:190,85
DA:191,135
DA:195,1
DA:203,139
DA:204,3
DA:206,136
DA:208,136
DA:209,1
DA:213,135
DA:214,50
DA:217,135
DA:218,1
DA:222,134
DA:223,133
DA:224,110
DA:225,1
DA:227,109
DA:228,109
DA:229,109
DA:234,134
DA:238,1
DA:244,33
DA:245,1
DA:247,32
DA:249,32
DA:250,1
DA:254,31
DA:255,22
DA:258,31
DA:259,1
DA:262,30
DA:263,30
DA:264,29
DA:265,1
DA:267,28
DA:268,28
DA:269,28
DA:274,30
DA:277,1
DA:278,28
DA:279,28
DA:280,28
DA:282,28
DA:285,1
DA:286,146
DA:292,146
DA:293,2
DA:294,1
DA:297,144
DA:300,1
DA:301,75
DA:302,74
DA:303,1
DA:305,73
DA:308,1
DA:312,44
DA:314,44
DA:315,44
DA:319,43
DA:320,43
DA:321,42
DA:322,36
DA:326,37
DA:328,37
DA:329,10
DA:331,10
DA:332,10
DA:333,10
DA:335,10
DA:336,2
DA:339,8
DA:342,8
DA:343,2
DA:344,6
DA:345,2
DA:346,4
DA:347,1
DA:348,3
DA:349,1
DA:353,37
DA:360,7
DA:368,1
DA:373,73
DA:374,73
DA:376,73
DA:377,73
DA:379,73
DA:380,73
DA:381,73
DA:382,1
DA:383,1
DA:389,73
DA:390,72
DA:393,73
DA:396,1
DA:400,73
DA:401,6
DA:404,67
DA:405,1
DA:408,66
DA:415,1
DA:416,5
DA:417,5
DA:419,5
DA:420,5
DA:422,3
DA:423,1
DA:427,4
DA:428,4
DA:430,4
DA:431,1
DA:433,3
DA:439,4
DA:442,17
DA:444,1
DA:445,5
DA:446,5
DA:448,3
DA:449,3
DA:451,2
DA:455,1
DA:456,2
DA:457,2
DA:458,2
DA:459,2
DA:462,1
DA:463,48
DA:464,48
DA:466,9
DA:468,3
DA:469,3
DA:470,48
DA:471,1
DA:474,3
DA:477,1
DA:478,8
DA:480,8
DA:481,8
DA:482,8
DA:483,1
DA:486,7
DA:487,2
DA:489,5
DA:491,6
DA:493,6
DA:495,8
DA:499,1
DA:500,48
DA:501,48
DA:502,8
DA:503,8
DA:504,6
DA:511,46
DA:512,46
DA:517,48
DA:518,48
DA:519,48
DA:520,44
DA:523,48
DA:524,3
DA:529,1
DA:532,45
DA:533,13
DA:535,13
DA:540,13
DA:541,13
DA:542,6
DA:545,7
DA:549,7
DA:550,7
DA:554,6
DA:555,13
DA:556,5
DA:557,5
DA:558,4
DA:560,5
DA:564,7
DA:568,13
DA:569,13
DA:570,7
DA:571,13
DA:572,7
DA:573,5
DA:578,7
DA:579,7
DA:581,13
DA:592,32
DA:594,48
DA:595,48
DA:600,31
DA:601,2
DA:604,29
DA:606,29
DA:607,4
DA:608,4
DA:611,29
DA:612,1
DA:615,28
DA:616,2
DA:618,26
DA:623,28
DA:626,17
DA:630,72
DA:631,72
DA:632,48
DA:634,48
DA:636,48
DA:637,72
DA:638,28
DA:643,28
DA:644,2
DA:647,26
DA:650,26
DA:652,48
DA:653,48
DA:655,48
DA:656,70
DA:657,70
DA:659,70
DA:660,1
DA:663,69
DA:664,1
DA:665,1
DA:668,68
DA:669,68
DA:670,66
DA:672,66
DA:673,66
DA:677,65
DA:678,70
DA:679,1
DA:685,66
DA:686,4
DA:691,66
DA:693,66
DA:694,66
DA:702,66
DA:704,2
DA:705,2
DA:709,26
DA:711,48
DA:713,6
DA:714,1
DA:718,5
DA:722,1
LF:309
LH:309
BRDA:20,0,0,1
BRDA:20,0,1,0
BRDA:48,1,0,1
BRDA:48,1,1,45
BRDA:52,2,0,44
BRDA:52,2,1,31
BRDA:53,3,0,13
BRDA:53,3,1,31
BRDA:58,4,0,1
BRDA:58,4,1,1
BRDA:77,5,0,73
BRDA:77,5,1,0
BRDA:86,6,0,0
BRDA:86,6,1,2
BRDA:96,7,0,1
BRDA:96,7,1,6
BRDA:96,8,0,7
BRDA:96,8,1,1
BRDA:98,9,0,1
BRDA:98,9,1,0
BRDA:100,10,0,1
BRDA:100,10,1,0
BRDA:111,11,0,7
BRDA:111,11,1,5
BRDA:112,12,0,2
BRDA:112,12,1,0
BRDA:112,13,0,2
BRDA:112,13,1,2
BRDA:117,14,0,2
BRDA:117,14,1,5
BRDA:119,15,0,3
BRDA:119,15,1,0
BRDA:126,16,0,7
BRDA:126,16,1,1
BRDA:145,17,0,6
BRDA:145,17,1,0
BRDA:147,18,0,0
BRDA:147,18,1,6
BRDA:149,19,0,0
BRDA:149,19,1,0
BRDA:150,20,0,0
BRDA:150,20,1,0
BRDA:151,21,0,0
BRDA:151,21,1,0
BRDA:152,22,0,0
BRDA:152,22,1,0
BRDA:186,23,0,50
BRDA:186,23,1,85
BRDA:190,24,0,85
BRDA:190,24,1,85
BRDA:190,25,0,0
BRDA:190,25,1,0
BRDA:197,26,0,139
BRDA:198,27,0,139
BRDA:199,28,0,139
BRDA:200,29,0,139
BRDA:203,30,0,3
BRDA:203,30,1,136
BRDA:208,31,0,1
BRDA:208,31,1,135
BRDA:213,32,0,50
BRDA:213,32,1,85
BRDA:217,33,0,1
BRDA:217,33,1,134
BRDA:222,34,0,133
BRDA:222,34,1,1
BRDA:222,35,0,134
BRDA:222,35,1,133
BRDA:224,36,0,1
BRDA:224,36,1,109
BRDA:228,37,0,109
BRDA:228,37,1,0
BRDA:240,38,0,33
BRDA:241,39,0,33
BRDA:242,40,0,33
BRDA:244,41,0,1
BRDA:244,41,1,32
BRDA:249,42,0,1
BRDA:249,42,1,31
BRDA:254,43,0,22
BRDA:254,43,1,9
BRDA:254,44,0,31
BRDA:254,44,1,27
BRDA:258,45,0,1
BRDA:258,45,1,30
BRDA:262,46,0,30
BRDA:262,46,1,0
BRDA:262,47,0,30
BRDA:262,47,1,30
BRDA:264,48,0,1
BRDA:264,48,1,28
BRDA:268,49,0,28
BRDA:268,49,1,0
BRDA:292,50,0,2
BRDA:292,50,1,144
BRDA:302,51,0,1
BRDA:302,51,1,73
BRDA:320,52,0,42
BRDA:320,52,1,1
BRDA:322,53,0,5
BRDA:322,53,1,31
BRDA:329,54,0,10
BRDA:329,54,1,0
BRDA:331,55,0,10
BRDA:331,55,1,1
BRDA:333,56,0,8
BRDA:333,56,1,2
BRDA:335,57,0,2
BRDA:335,57,1,8
BRDA:335,58,0,10
BRDA:335,58,1,10
BRDA:335,58,2,8
BRDA:335,58,3,8
BRDA:342,59,0,2
BRDA:342,59,1,6
BRDA:342,60,0,8
BRDA:342,60,1,7
BRDA:344,61,0,2
BRDA:344,61,1,4
BRDA:344,62,0,6
BRDA:344,62,1,4
BRDA:346,63,0,1
BRDA:346,63,1,3
BRDA:346,64,0,4
BRDA:346,64,1,3
BRDA:348,65,0,1
BRDA:348,65,1,2
BRDA:348,66,0,3
BRDA:348,66,1,2
BRDA:382,67,0,1
BRDA:382,67,1,0
BRDA:389,68,0,72
BRDA:389,68,1,1
BRDA:400,69,0,6
BRDA:400,69,1,67
BRDA:404,70,0,1
BRDA:404,70,1,66
BRDA:409,71,0,66
BRDA:409,71,1,63
BRDA:409,71,2,63
BRDA:422,72,0,1
BRDA:422,72,1,2
BRDA:422,73,0,3
BRDA:422,73,1,3
BRDA:422,73,2,3
BRDA:422,73,3,3
BRDA:430,74,0,1
BRDA:430,74,1,3
BRDA:434,75,0,3
BRDA:434,75,1,0
BRDA:436,76,0,0
BRDA:436,76,1,0
BRDA:439,77,0,1
BRDA:439,77,1,3
BRDA:446,78,0,2
BRDA:446,78,1,3
BRDA:464,79,0,39
BRDA:464,79,1,9
BRDA:466,80,0,6
BRDA:466,80,1,3
BRDA:470,81,0,1
BRDA:470,81,1,47
BRDA:482,82,0,1
BRDA:482,82,1,7
BRDA:486,83,0,2
BRDA:486,83,1,5
BRDA:501,84,0,8
BRDA:501,84,1,40
BRDA:505,85,0,0
BRDA:505,85,1,1
BRDA:513,86,0,0
BRDA:513,86,1,9
BRDA:523,87,0,3
BRDA:523,87,1,45
BRDA:532,88,0,13
BRDA:532,88,1,32
BRDA:541,89,0,6
BRDA:541,89,1,7
BRDA:555,90,0,5
BRDA:555,90,1,8
BRDA:557,91,0,4
BRDA:557,91,1,1
BRDA:557,92,0,5
BRDA:557,92,1,5
BRDA:565,93,0,0
BRDA:565,93,1,0
BRDA:565,94,0,0
BRDA:565,94,1,0
BRDA:570,95,0,7
BRDA:570,95,1,0
BRDA:572,96,0,5
BRDA:572,96,1,2
BRDA:600,97,0,2
BRDA:600,97,1,29
BRDA:606,98,0,4
BRDA:606,98,1,25
BRDA:611,99,0,1
BRDA:611,99,1,28
BRDA:615,100,0,2
BRDA:615,100,1,26
BRDA:643,101,0,2
BRDA:643,101,1,26
BRDA:653,102,0,48
BRDA:653,102,1,0
BRDA:659,103,0,1
BRDA:659,103,1,69
BRDA:663,104,0,1
BRDA:663,104,1,68
BRDA:678,105,0,1
BRDA:678,105,1,69
BRDA:685,106,0,4
BRDA:685,106,1,62
BRDA:704,107,0,1
BRDA:704,107,1,1
BRDA:713,108,0,1
BRDA:713,108,1,5
BRDA:713,109,0,6
BRDA:713,109,1,6
BRF:218
BRH:183
end_of_record
TN:
SF:src/integrations/svg-upload.ts
FN:8,(anonymous_0)
FN:20,(anonymous_1)
FN:25,(anonymous_2)
FN:31,(anonymous_3)
FN:32,(anonymous_4)
FN:33,(anonymous_5)
FN:36,(anonymous_6)
FNF:7
FNH:7
FNDA:8,(anonymous_0)
FNDA:17,(anonymous_1)
FNDA:3,(anonymous_2)
FNDA:4,(anonymous_3)
FNDA:2,(anonymous_4)
FNDA:1,(anonymous_5)
FNDA:10,(anonymous_6)
DA:6,1
DA:8,1
DA:9,8
DA:17,8
DA:20,1
DA:21,17
DA:22,17
DA:25,1
DA:26,3
DA:27,3
DA:28,3
DA:30,3
DA:31,4
DA:32,2
DA:33,1
DA:36,1
DA:37,10
DA:38,10
DA:39,1
DA:42,9
DA:43,10
DA:44,9
DA:45,1
DA:48,8
DA:49,10
DA:50,10
DA:52,8
DA:53,8
DA:54,8
DA:56,8
DA:57,8
DA:58,8
DA:59,3
DA:60,2
DA:61,2
DA:65,8
DA:66,6
DA:67,6
DA:70,8
DA:72,8
DA:73,1
DA:74,1
DA:77,8
DA:78,8
LF:44
LH:44
BRDA:17,0,0,8
BRDA:17,0,1,1
BRDA:22,1,0,17
BRDA:22,1,1,13
BRDA:31,2,0,4
BRDA:31,2,1,4
BRDA:38,3,0,1
BRDA:38,3,1,9
BRDA:44,4,0,1
BRDA:44,4,1,8
BRDA:48,5,0,8
BRDA:48,5,1,1
BRDA:59,6,0,2
BRDA:59,6,1,1
BRDA:65,7,0,6
BRDA:65,7,1,2
BRDA:72,8,0,1
BRDA:72,8,1,7
BRF:18
BRH:18
end_of_record
TN:
SF:src/llm/llm-client.ts
FN:5,(anonymous_0)
FNF:1
FNH:1
FNDA:4,(anonymous_0)
DA:5,1
DA:6,4
DA:8,4
DA:20,4
DA:28,4
DA:29,1
DA:32,3
LF:7
LH:7
BRDA:6,0,0,4
BRDA:6,0,1,2
BRDA:6,0,2,1
BRDA:28,1,0,1
BRDA:28,1,1,3
BRF:5
BRH:5
end_of_record
TN:
SF:src/mcp/context-builder.ts
FN:5,(anonymous_0)
FN:9,(anonymous_1)
FN:15,(anonymous_2)
FN:22,(anonymous_3)
FN:27,(anonymous_4)
FN:28,(anonymous_5)
FN:33,(anonymous_6)
FN:58,(anonymous_7)
FN:74,(anonymous_8)
FN:83,(anonymous_9)
FN:99,(anonymous_10)
FN:169,(anonymous_11)
FN:199,(anonymous_12)
FN:200,(anonymous_13)
FN:207,(anonymous_14)
FNF:15
FNH:15
FNDA:29,(anonymous_0)
FNDA:33,(anonymous_1)
FNDA:6,(anonymous_2)
FNDA:6,(anonymous_3)
FNDA:9,(anonymous_4)
FNDA:90,(anonymous_5)
FNDA:7,(anonymous_6)
FNDA:7,(anonymous_7)
FNDA:7,(anonymous_8)
FNDA:3,(anonymous_9)
FNDA:29,(anonymous_10)
FNDA:6,(anonymous_11)
FNDA:36,(anonymous_12)
FNDA:29,(anonymous_13)
FNDA:29,(anonymous_14)
DA:5,3
DA:6,29
DA:9,33
DA:13,3
DA:15,3
DA:16,6
DA:22,3
DA:23,6
DA:24,6
DA:27,3
DA:28,9
DA:29,90
DA:33,3
DA:34,7
DA:35,3
DA:54,3
DA:55,3
DA:58,3
DA:59,7
DA:60,5
DA:70,5
DA:71,5
DA:74,3
DA:75,7
DA:76,5
DA:77,4
DA:78,3
DA:79,2
DA:80,1
DA:83,3
DA:84,3
DA:85,1
DA:95,1
DA:96,1
DA:99,3
DA:100,29
DA:101,29
DA:103,3
DA:104,3
DA:105,3
DA:106,3
DA:108,3
DA:109,3
DA:111,3
DA:112,3
DA:113,2
DA:114,2
DA:115,2
DA:116,2
DA:119,3
DA:120,3
DA:122,3
DA:123,3
DA:125,3
DA:126,8
DA:127,8
DA:128,8
DA:131,3
DA:132,7
DA:133,7
DA:134,7
DA:135,7
DA:138,3
DA:139,3
DA:140,1
DA:144,3
DA:145,3
DA:147,3
DA:151,1
DA:156,3
DA:169,3
DA:170,6
DA:171,6
DA:172,6
DA:174,6
DA:175,6
DA:177,6
DA:178,9
DA:181,6
DA:182,6
DA:183,6
DA:184,6
DA:185,6
DA:187,6
DA:188,6
DA:189,3
DA:190,6
DA:191,6
DA:192,6
DA:196,6
DA:199,3
DA:200,36
DA:207,36
DA:217,36
LF:94
LH:94
BRDA:24,0,0,5
BRDA:24,0,1,1
BRDA:29,1,0,39
BRDA:29,1,1,51
BRDA:34,2,0,4
BRDA:34,2,1,3
BRDA:34,3,0,7
BRDA:34,3,1,6
BRDA:59,4,0,2
BRDA:59,4,1,5
BRDA:59,5,0,7
BRDA:59,5,1,5
BRDA:75,6,0,2
BRDA:75,6,1,5
BRDA:75,7,0,7
BRDA:75,7,1,5
BRDA:76,8,0,1
BRDA:76,8,1,4
BRDA:77,9,0,1
BRDA:77,9,1,3
BRDA:78,10,0,1
BRDA:78,10,1,2
BRDA:79,11,0,1
BRDA:79,11,1,1
BRDA:84,12,0,2
BRDA:84,12,1,1
BRDA:84,13,0,3
BRDA:84,13,1,2
BRDA:101,14,0,26
BRDA:101,14,1,3
BRDA:108,15,0,2
BRDA:108,15,1,1
BRDA:109,16,0,1
BRDA:109,16,1,2
BRDA:112,17,0,2
BRDA:112,17,1,1
BRDA:115,18,0,1
BRDA:115,18,1,1
BRDA:116,19,0,1
BRDA:116,19,1,1
BRDA:120,20,0,1
BRDA:120,20,1,2
BRDA:123,21,0,1
BRDA:123,21,1,2
BRDA:134,22,0,5
BRDA:134,22,1,2
BRDA:135,23,0,5
BRDA:135,23,1,2
BRDA:139,24,0,1
BRDA:139,24,1,2
BRDA:147,25,0,1
BRDA:147,25,1,2
BRDA:148,26,0,3
BRDA:148,26,1,1
BRDA:178,27,0,6
BRDA:178,27,1,3
BRDA:181,28,0,6
BRDA:181,28,1,1
BRDA:182,29,0,6
BRDA:182,29,1,5
BRDA:183,30,0,6
BRDA:183,30,1,5
BRDA:184,31,0,6
BRDA:184,31,1,5
BRDA:185,32,0,6
BRDA:185,32,1,5
BRDA:188,33,0,3
BRDA:188,33,1,3
BRDA:188,34,0,6
BRDA:188,34,1,4
BRDA:189,35,0,3
BRDA:189,35,1,1
BRDA:189,36,0,3
BRDA:189,36,1,1
BRDA:190,37,0,2
BRDA:190,37,1,4
BRDA:191,38,0,4
BRDA:191,38,1,2
BRDA:211,39,0,6
BRDA:211,39,1,23
BRDA:212,40,0,6
BRDA:212,40,1,23
BRF:82
BRH:82
end_of_record
TN:
SF:src/mcp/design-system-tokens.ts
FN:7,(anonymous_0)
FN:22,(anonymous_1)
FN:104,(anonymous_2)
FNF:3
FNH:3
FNDA:4,(anonymous_0)
FNDA:31,(anonymous_1)
FNDA:13,(anonymous_2)
DA:7,4
DA:11,4
DA:12,2
DA:15,2
DA:22,4
DA:23,31
DA:26,31
DA:32,4
DA:33,3
DA:35,1
DA:39,27
DA:46,5
DA:47,5
DA:48,4
DA:50,1
DA:54,22
DA:59,10
DA:60,2
DA:62,8
DA:63,1
DA:65,7
DA:66,1
DA:68,6
DA:69,1
DA:71,5
DA:72,5
DA:73,4
DA:74,3
DA:75,2
DA:76,1
DA:78,1
DA:82,12
DA:83,10
DA:84,10
DA:85,9
DA:86,8
DA:87,7
DA:88,6
DA:89,5
DA:90,4
DA:91,2
DA:92,1
DA:94,1
DA:97,2
DA:104,4
DA:108,13
DA:109,6
DA:112,7
DA:113,7
DA:116,7
DA:117,18
DA:118,16
DA:122,7
LF:53
LH:53
BRDA:11,0,0,2
BRDA:11,0,1,2
BRDA:11,1,0,4
BRDA:11,1,1,3
BRDA:26,2,0,4
BRDA:26,2,1,27
BRDA:27,3,0,31
BRDA:27,3,1,29
BRDA:27,3,2,28
BRDA:27,3,3,27
BRDA:32,4,0,3
BRDA:32,4,1,1
BRDA:32,5,0,4
BRDA:32,5,1,4
BRDA:39,6,0,5
BRDA:39,6,1,22
BRDA:40,7,0,27
BRDA:40,7,1,25
BRDA:40,7,2,25
BRDA:40,7,3,24
BRDA:40,7,4,23
BRDA:47,8,0,4
BRDA:47,8,1,1
BRDA:54,9,0,10
BRDA:54,9,1,12
BRDA:55,10,0,22
BRDA:55,10,1,13
BRDA:55,10,2,13
BRDA:59,11,0,2
BRDA:59,11,1,8
BRDA:59,12,0,10
BRDA:59,12,1,9
BRDA:62,13,0,1
BRDA:62,13,1,7
BRDA:62,14,0,8
BRDA:62,14,1,7
BRDA:65,15,0,1
BRDA:65,15,1,6
BRDA:65,16,0,7
BRDA:65,16,1,6
BRDA:68,17,0,1
BRDA:68,17,1,5
BRDA:68,18,0,6
BRDA:68,18,1,5
BRDA:72,19,0,4
BRDA:72,19,1,1
BRDA:73,20,0,1
BRDA:73,20,1,3
BRDA:74,21,0,1
BRDA:74,21,1,2
BRDA:75,22,0,1
BRDA:75,22,1,1
BRDA:82,23,0,10
BRDA:82,23,1,2
BRDA:82,24,0,12
BRDA:82,24,1,4
BRDA:82,24,2,3
BRDA:84,25,0,9
BRDA:84,25,1,1
BRDA:85,26,0,1
BRDA:85,26,1,8
BRDA:86,27,0,1
BRDA:86,27,1,7
BRDA:87,28,0,1
BRDA:87,28,1,6
BRDA:88,29,0,1
BRDA:88,29,1,5
BRDA:89,30,0,1
BRDA:89,30,1,4
BRDA:90,31,0,2
BRDA:90,31,1,2
BRDA:91,32,0,1
BRDA:91,32,1,1
BRDA:108,33,0,6
BRDA:108,33,1,7
BRDA:108,34,0,13
BRDA:108,34,1,8
BRDA:117,35,0,16
BRDA:117,35,1,2
BRF:79
BRH:79
end_of_record
TN:
SF:src/mcp/pipeline.ts
FN:14,(anonymous_0)
FN:38,(anonymous_1)
FN:42,(anonymous_2)
FN:57,(anonymous_3)
FNF:4
FNH:4
FNDA:11,(anonymous_0)
FNDA:11,(anonymous_1)
FNDA:3,(anonymous_2)
FNDA:11,(anonymous_3)
DA:14,1
DA:15,11
DA:22,11
DA:24,11
DA:27,11
DA:32,11
DA:38,1
DA:39,11
DA:42,1
DA:43,3
DA:49,1
DA:54,2
DA:57,1
DA:58,11
DA:59,11
DA:60,11
DA:62,11
DA:63,11
DA:64,11
DA:70,11
DA:71,11
DA:73,11
DA:74,11
DA:76,11
DA:77,11
DA:79,11
DA:80,11
DA:82,11
DA:83,11
DA:84,11
DA:86,11
DA:87,11
DA:88,8
DA:90,3
DA:93,8
LF:35
LH:35
BRDA:33,0,0,11
BRDA:33,0,1,1
BRDA:34,1,0,11
BRDA:34,1,1,11
BRDA:43,2,0,1
BRDA:43,2,1,2
BRDA:44,3,0,3
BRDA:44,3,1,3
BRDA:44,3,2,2
BRDA:44,3,3,1
BRDA:54,4,0,1
BRDA:54,4,1,1
BRDA:83,5,0,11
BRDA:83,5,1,10
BRF:14
BRH:14
end_of_record
TN:
SF:src/mcp/prompt-builder.ts
FN:37,(anonymous_0)
FN:42,(anonymous_1)
FN:54,(anonymous_2)
FN:58,(anonymous_3)
FN:66,(anonymous_4)
FN:72,(anonymous_5)
FN:80,(anonymous_6)
FN:83,(anonymous_7)
FN:92,(anonymous_8)
FNF:9
FNH:9
FNDA:20,(anonymous_0)
FNDA:40,(anonymous_1)
FNDA:60,(anonymous_2)
FNDA:40,(anonymous_3)
FNDA:20,(anonymous_4)
FNDA:20,(anonymous_5)
FNDA:1,(anonymous_6)
FNDA:20,(anonymous_7)
FNDA:1,(anonymous_8)
DA:3,2
DA:13,2
DA:21,2
DA:37,2
DA:38,20
DA:39,20
DA:42,2
DA:46,40
DA:47,40
DA:48,38
DA:51,2
DA:54,2
DA:55,60
DA:58,2
DA:59,40
DA:60,38
DA:63,2
DA:66,20
DA:72,2
DA:73,20
DA:76,20
DA:77,19
DA:80,1
DA:83,2
DA:84,20
DA:85,20
DA:86,20
DA:87,20
DA:88,20
DA:90,20
DA:92,1
DA:96,20
LF:32
LH:32
BRDA:39,0,0,0
BRDA:39,0,1,20
BRDA:39,1,0,20
BRDA:39,1,1,0
BRDA:47,2,0,38
BRDA:47,2,1,2
BRDA:47,3,0,40
BRDA:47,3,1,2
BRDA:47,3,2,2
BRDA:59,4,0,38
BRDA:59,4,1,2
BRDA:76,5,0,19
BRDA:76,5,1,1
BRDA:80,6,0,1
BRDA:80,6,1,1
BRDA:90,7,0,1
BRDA:90,7,1,19
BRDA:102,8,0,20
BRDA:102,8,1,20
BRF:19
BRH:17
end_of_record
TN:
SF:src/mcp/sdd-generator.ts
FN:5,(anonymous_0)
FN:16,(anonymous_1)
FN:20,(anonymous_2)
FN:21,(anonymous_3)
FN:30,(anonymous_4)
FN:50,(anonymous_5)
FN:50,(anonymous_6)
FN:53,(anonymous_7)
FN:89,(anonymous_8)
FNF:9
FNH:9
FNDA:6,(anonymous_0)
FNDA:5,(anonymous_1)
FNDA:4,(anonymous_2)
FNDA:2,(anonymous_3)
FNDA:2,(anonymous_4)
FNDA:22,(anonymous_5)
FNDA:6,(anonymous_6)
FNDA:3,(anonymous_7)
FNDA:3,(anonymous_8)
DA:5,1
DA:6,6
DA:7,6
DA:9,2
DA:10,1
DA:12,1
DA:16,1
DA:17,5
DA:18,5
DA:19,4
DA:20,4
DA:21,2
DA:23,1
DA:24,0
DA:26,1
DA:30,1
DA:31,2
DA:36,2
DA:50,22
DA:53,1
DA:54,3
DA:55,3
DA:56,3
DA:58,3
DA:59,2
DA:61,2
DA:89,1
DA:93,3
DA:94,2
DA:95,1
DA:98,1
DA:99,1
DA:100,1
DA:102,1
LF:34
LH:33
BRDA:9,0,0,1
BRDA:9,0,1,1
BRDA:9,1,0,2
BRDA:9,1,1,2
BRDA:9,1,2,2
BRDA:9,1,3,2
BRDA:20,2,0,3
BRDA:20,2,1,1
BRDA:23,3,0,0
BRDA:23,3,1,1
BRDA:23,4,0,1
BRDA:23,4,1,1
BRDA:23,4,2,1
BRDA:23,4,3,1
BRDA:32,5,0,2
BRDA:32,5,1,1
BRDA:33,6,0,2
BRDA:33,6,1,1
BRDA:56,7,0,3
BRDA:56,7,1,0
BRDA:72,8,0,2
BRDA:72,8,1,0
BRDA:79,9,0,3
BRDA:79,9,1,0
BRDA:80,10,0,3
BRDA:80,10,1,1
BRDA:81,11,0,3
BRDA:81,11,1,1
BRDA:94,12,0,1
BRDA:94,12,1,1
BRF:30
BRH:26
end_of_record
